The system is: Linux - 5.10.16.3-microsoft-standard-WSL2 - x86_64
Compiling the C compiler identification source file "CMakeCCompilerId.c" succeeded.
Compiler: /home/cyh/openwrt-SingleFlight/openwrt-sdk-rockchip-armv8_gcc-11.2.0_musl.Linux-x86_64/staging_dir/toolchain-aarch64_generic_gcc-11.2.0_musl/bin/aarch64-openwrt-linux-gcc 
Build flags: 
Id flags:  

The output was:
0


Compilation of the C compiler identification source "CMakeCCompilerId.c" produced "a.out"

The C compiler identification is GNU, found in "/home/cyh/FlightCode/RockPiMPU/build/CMakeFiles/3.16.3/CompilerIdC/a.out"

Compiling the CXX compiler identification source file "CMakeCXXCompilerId.cpp" succeeded.
Compiler: /home/cyh/openwrt-SingleFlight/openwrt-sdk-rockchip-armv8_gcc-11.2.0_musl.Linux-x86_64/staging_dir/toolchain-aarch64_generic_gcc-11.2.0_musl/bin/aarch64-openwrt-linux-g++ 
Build flags: 
Id flags:  

The output was:
0


Compilation of the CXX compiler identification source "CMakeCXXCompilerId.cpp" produced "a.out"

The CXX compiler identification is GNU, found in "/home/cyh/FlightCode/RockPiMPU/build/CMakeFiles/3.16.3/CompilerIdCXX/a.out"

Determining if the C compiler works passed with the following output:
Change Dir: /home/cyh/FlightCode/RockPiMPU/build/CMakeFiles/CMakeTmp

Run Build Command(s):/usr/bin/make cmTC_b8e90/fast && /usr/bin/make -f CMakeFiles/cmTC_b8e90.dir/build.make CMakeFiles/cmTC_b8e90.dir/build
make[1]: Entering directory '/home/cyh/FlightCode/RockPiMPU/build/CMakeFiles/CMakeTmp'
Building C object CMakeFiles/cmTC_b8e90.dir/testCCompiler.c.o
/home/cyh/openwrt-SingleFlight/openwrt-sdk-rockchip-armv8_gcc-11.2.0_musl.Linux-x86_64/staging_dir/toolchain-aarch64_generic_gcc-11.2.0_musl/bin/aarch64-openwrt-linux-gcc    -o CMakeFiles/cmTC_b8e90.dir/testCCompiler.c.o   -c /home/cyh/FlightCode/RockPiMPU/build/CMakeFiles/CMakeTmp/testCCompiler.c
Linking C executable cmTC_b8e90
/usr/bin/cmake -E cmake_link_script CMakeFiles/cmTC_b8e90.dir/link.txt --verbose=1
/home/cyh/openwrt-SingleFlight/openwrt-sdk-rockchip-armv8_gcc-11.2.0_musl.Linux-x86_64/staging_dir/toolchain-aarch64_generic_gcc-11.2.0_musl/bin/aarch64-openwrt-linux-gcc      CMakeFiles/cmTC_b8e90.dir/testCCompiler.c.o  -o cmTC_b8e90 
make[1]: Leaving directory '/home/cyh/FlightCode/RockPiMPU/build/CMakeFiles/CMakeTmp'



Detecting C compiler ABI info compiled with the following output:
Change Dir: /home/cyh/FlightCode/RockPiMPU/build/CMakeFiles/CMakeTmp

Run Build Command(s):/usr/bin/make cmTC_236ec/fast && /usr/bin/make -f CMakeFiles/cmTC_236ec.dir/build.make CMakeFiles/cmTC_236ec.dir/build
make[1]: Entering directory '/home/cyh/FlightCode/RockPiMPU/build/CMakeFiles/CMakeTmp'
Building C object CMakeFiles/cmTC_236ec.dir/CMakeCCompilerABI.c.o
/home/cyh/openwrt-SingleFlight/openwrt-sdk-rockchip-armv8_gcc-11.2.0_musl.Linux-x86_64/staging_dir/toolchain-aarch64_generic_gcc-11.2.0_musl/bin/aarch64-openwrt-linux-gcc   -v -o CMakeFiles/cmTC_236ec.dir/CMakeCCompilerABI.c.o   -c /usr/share/cmake-3.16/Modules/CMakeCCompilerABI.c
Reading specs from /home/cyh/openwrt-SingleFlight/openwrt-sdk-rockchip-armv8_gcc-11.2.0_musl.Linux-x86_64/staging_dir/toolchain-aarch64_generic_gcc-11.2.0_musl/bin/../lib/gcc/aarch64-openwrt-linux-musl/11.2.0/specs
COLLECT_GCC=/home/cyh/openwrt-SingleFlight/openwrt-sdk-rockchip-armv8_gcc-11.2.0_musl.Linux-x86_64/staging_dir/toolchain-aarch64_generic_gcc-11.2.0_musl/bin/aarch64-openwrt-linux-gcc
Target: aarch64-openwrt-linux-musl
Configured with: /home/cyh/openwrt-SingleFlight/build_dir/toolchain-aarch64_generic_gcc-11.2.0_musl/gcc-11.2.0/configure --with-bugurl=http://bugs.openwrt.org/ --with-pkgversion='OpenWrt GCC 11.2.0 r20134-5f15225c1e' --prefix=/home/cyh/openwrt-SingleFlight/staging_dir/toolchain-aarch64_generic_gcc-11.2.0_musl --build=x86_64-pc-linux-gnu --host=x86_64-pc-linux-gnu --target=aarch64-openwrt-linux-musl --with-gnu-ld --enable-target-optspace --disable-libgomp --disable-libmudflap --disable-multilib --disable-libmpx --disable-nls --disable-libssp --without-isl --without-cloog --with-host-libstdcxx=-lstdc++ --with-gmp=/home/cyh/openwrt-SingleFlight/staging_dir/host --with-mpfr=/home/cyh/openwrt-SingleFlight/staging_dir/host --with-mpc=/home/cyh/openwrt-SingleFlight/staging_dir/host --disable-decimal-float --with-diagnostics-color=auto-if-env --enable-__cxa_atexit --disable-libstdcxx-dual-abi --with-default-libstdcxx-abi=new --with-headers=/home/cyh/openwrt-SingleFlight/staging_dir/toolchain-aarch64_generic_gcc-11.2.0_musl/include --enable-languages=c,c++ --enable-shared --enable-threads --with-slibdir=/home/cyh/openwrt-SingleFlight/staging_dir/toolchain-aarch64_generic_gcc-11.2.0_musl/lib --enable-lto --with-libelf=/home/cyh/openwrt-SingleFlight/staging_dir/host --disable-libsanitizer
Thread model: posix
Supported LTO compression algorithms: zlib
gcc version 11.2.0 (OpenWrt GCC 11.2.0 r20134-5f15225c1e) 
COLLECT_GCC_OPTIONS='-v' '-o' 'CMakeFiles/cmTC_236ec.dir/CMakeCCompilerABI.c.o' '-c' '-mlittle-endian' '-mabi=lp64' '-dumpdir' 'CMakeFiles/cmTC_236ec.dir/'
 /home/cyh/openwrt-SingleFlight/openwrt-sdk-rockchip-armv8_gcc-11.2.0_musl.Linux-x86_64/staging_dir/toolchain-aarch64_generic_gcc-11.2.0_musl/bin/../libexec/gcc/aarch64-openwrt-linux-musl/11.2.0/cc1 -quiet -v -iprefix /home/cyh/openwrt-SingleFlight/openwrt-sdk-rockchip-armv8_gcc-11.2.0_musl.Linux-x86_64/staging_dir/toolchain-aarch64_generic_gcc-11.2.0_musl/bin/../lib/gcc/aarch64-openwrt-linux-musl/11.2.0/ -idirafter /home/cyh/openwrt-SingleFlight/openwrt-sdk-rockchip-armv8_gcc-11.2.0_musl.Linux-x86_64/staging_dir/usr/include /usr/share/cmake-3.16/Modules/CMakeCCompilerABI.c -quiet -dumpdir CMakeFiles/cmTC_236ec.dir/ -dumpbase CMakeCCompilerABI.c.c -dumpbase-ext .c -mlittle-endian -mabi=lp64 -version -o /tmp/cc6fJZDv.s
GNU C17 (OpenWrt GCC 11.2.0 r20134-5f15225c1e) version 11.2.0 (aarch64-openwrt-linux-musl)
	compiled by GNU C version 9.4.0, GMP version 6.2.1, MPFR version 4.1.0, MPC version 1.2.1, isl version none
GGC heuristics: --param ggc-min-expand=100 --param ggc-min-heapsize=131072
ignoring duplicate directory "/home/cyh/openwrt-SingleFlight/openwrt-sdk-rockchip-armv8_gcc-11.2.0_musl.Linux-x86_64/staging_dir/toolchain-aarch64_generic_gcc-11.2.0_musl/bin/../lib/gcc/../../lib/gcc/aarch64-openwrt-linux-musl/11.2.0/../../../../aarch64-openwrt-linux-musl/sys-include"
ignoring duplicate directory "/home/cyh/openwrt-SingleFlight/openwrt-sdk-rockchip-armv8_gcc-11.2.0_musl.Linux-x86_64/staging_dir/toolchain-aarch64_generic_gcc-11.2.0_musl/bin/../lib/gcc/../../lib/gcc/aarch64-openwrt-linux-musl/11.2.0/../../../../aarch64-openwrt-linux-musl/include"
ignoring duplicate directory "/home/cyh/openwrt-SingleFlight/openwrt-sdk-rockchip-armv8_gcc-11.2.0_musl.Linux-x86_64/staging_dir/toolchain-aarch64_generic_gcc-11.2.0_musl/bin/../lib/gcc/../../lib/gcc/aarch64-openwrt-linux-musl/11.2.0/include"
ignoring nonexistent directory "/home/cyh/openwrt-SingleFlight/openwrt-sdk-rockchip-armv8_gcc-11.2.0_musl.Linux-x86_64/staging_dir/usr/include"
#include "..." search starts here:
#include <...> search starts here:
 /home/cyh/openwrt-SingleFlight/openwrt-sdk-rockchip-armv8_gcc-11.2.0_musl.Linux-x86_64/staging_dir/toolchain-aarch64_generic_gcc-11.2.0_musl/bin/../lib/gcc/aarch64-openwrt-linux-musl/11.2.0/../../../../aarch64-openwrt-linux-musl/sys-include
 /home/cyh/openwrt-SingleFlight/openwrt-sdk-rockchip-armv8_gcc-11.2.0_musl.Linux-x86_64/staging_dir/toolchain-aarch64_generic_gcc-11.2.0_musl/bin/../lib/gcc/aarch64-openwrt-linux-musl/11.2.0/../../../../aarch64-openwrt-linux-musl/include
 /home/cyh/openwrt-SingleFlight/openwrt-sdk-rockchip-armv8_gcc-11.2.0_musl.Linux-x86_64/staging_dir/toolchain-aarch64_generic_gcc-11.2.0_musl/bin/../lib/gcc/aarch64-openwrt-linux-musl/11.2.0/include
End of search list.
GNU C17 (OpenWrt GCC 11.2.0 r20134-5f15225c1e) version 11.2.0 (aarch64-openwrt-linux-musl)
	compiled by GNU C version 9.4.0, GMP version 6.2.1, MPFR version 4.1.0, MPC version 1.2.1, isl version none
GGC heuristics: --param ggc-min-expand=100 --param ggc-min-heapsize=131072
Compiler executable checksum: 8c33e53779a96b0e21826c506c2b3f6a
COLLECT_GCC_OPTIONS='-v' '-o' 'CMakeFiles/cmTC_236ec.dir/CMakeCCompilerABI.c.o' '-c' '-mlittle-endian' '-mabi=lp64' '-dumpdir' 'CMakeFiles/cmTC_236ec.dir/'
 /home/cyh/openwrt-SingleFlight/openwrt-sdk-rockchip-armv8_gcc-11.2.0_musl.Linux-x86_64/staging_dir/toolchain-aarch64_generic_gcc-11.2.0_musl/bin/../lib/gcc/aarch64-openwrt-linux-musl/11.2.0/../../../../aarch64-openwrt-linux-musl/bin/as -v -EL -mabi=lp64 -o CMakeFiles/cmTC_236ec.dir/CMakeCCompilerABI.c.o /tmp/cc6fJZDv.s
GNU assembler version 2.37 (aarch64-openwrt-linux-musl) using BFD version (GNU Binutils) 2.37
COMPILER_PATH=/home/cyh/openwrt-SingleFlight/openwrt-sdk-rockchip-armv8_gcc-11.2.0_musl.Linux-x86_64/staging_dir/toolchain-aarch64_generic_gcc-11.2.0_musl/bin/../libexec/gcc/aarch64-openwrt-linux-musl/11.2.0/:/home/cyh/openwrt-SingleFlight/openwrt-sdk-rockchip-armv8_gcc-11.2.0_musl.Linux-x86_64/staging_dir/toolchain-aarch64_generic_gcc-11.2.0_musl/bin/../libexec/gcc/:/home/cyh/openwrt-SingleFlight/openwrt-sdk-rockchip-armv8_gcc-11.2.0_musl.Linux-x86_64/staging_dir/toolchain-aarch64_generic_gcc-11.2.0_musl/bin/../lib/gcc/aarch64-openwrt-linux-musl/11.2.0/../../../../aarch64-openwrt-linux-musl/bin/
LIBRARY_PATH=/home/cyh/openwrt-SingleFlight/openwrt-sdk-rockchip-armv8_gcc-11.2.0_musl.Linux-x86_64/staging_dir/toolchain-aarch64_generic_gcc-11.2.0_musl/bin/../lib/gcc/aarch64-openwrt-linux-musl/11.2.0/:/home/cyh/openwrt-SingleFlight/openwrt-sdk-rockchip-armv8_gcc-11.2.0_musl.Linux-x86_64/staging_dir/toolchain-aarch64_generic_gcc-11.2.0_musl/bin/../lib/gcc/:/home/cyh/openwrt-SingleFlight/openwrt-sdk-rockchip-armv8_gcc-11.2.0_musl.Linux-x86_64/staging_dir/toolchain-aarch64_generic_gcc-11.2.0_musl/bin/../lib/gcc/aarch64-openwrt-linux-musl/11.2.0/../../../../aarch64-openwrt-linux-musl/lib/
COLLECT_GCC_OPTIONS='-v' '-o' 'CMakeFiles/cmTC_236ec.dir/CMakeCCompilerABI.c.o' '-c' '-mlittle-endian' '-mabi=lp64' '-dumpdir' 'CMakeFiles/cmTC_236ec.dir/CMakeCCompilerABI.c.'
Linking C executable cmTC_236ec
/usr/bin/cmake -E cmake_link_script CMakeFiles/cmTC_236ec.dir/link.txt --verbose=1
/home/cyh/openwrt-SingleFlight/openwrt-sdk-rockchip-armv8_gcc-11.2.0_musl.Linux-x86_64/staging_dir/toolchain-aarch64_generic_gcc-11.2.0_musl/bin/aarch64-openwrt-linux-gcc     -v CMakeFiles/cmTC_236ec.dir/CMakeCCompilerABI.c.o  -o cmTC_236ec 
Reading specs from /home/cyh/openwrt-SingleFlight/openwrt-sdk-rockchip-armv8_gcc-11.2.0_musl.Linux-x86_64/staging_dir/toolchain-aarch64_generic_gcc-11.2.0_musl/bin/../lib/gcc/aarch64-openwrt-linux-musl/11.2.0/specs
COLLECT_GCC=/home/cyh/openwrt-SingleFlight/openwrt-sdk-rockchip-armv8_gcc-11.2.0_musl.Linux-x86_64/staging_dir/toolchain-aarch64_generic_gcc-11.2.0_musl/bin/aarch64-openwrt-linux-gcc
COLLECT_LTO_WRAPPER=/home/cyh/openwrt-SingleFlight/openwrt-sdk-rockchip-armv8_gcc-11.2.0_musl.Linux-x86_64/staging_dir/toolchain-aarch64_generic_gcc-11.2.0_musl/bin/../libexec/gcc/aarch64-openwrt-linux-musl/11.2.0/lto-wrapper
Target: aarch64-openwrt-linux-musl
Configured with: /home/cyh/openwrt-SingleFlight/build_dir/toolchain-aarch64_generic_gcc-11.2.0_musl/gcc-11.2.0/configure --with-bugurl=http://bugs.openwrt.org/ --with-pkgversion='OpenWrt GCC 11.2.0 r20134-5f15225c1e' --prefix=/home/cyh/openwrt-SingleFlight/staging_dir/toolchain-aarch64_generic_gcc-11.2.0_musl --build=x86_64-pc-linux-gnu --host=x86_64-pc-linux-gnu --target=aarch64-openwrt-linux-musl --with-gnu-ld --enable-target-optspace --disable-libgomp --disable-libmudflap --disable-multilib --disable-libmpx --disable-nls --disable-libssp --without-isl --without-cloog --with-host-libstdcxx=-lstdc++ --with-gmp=/home/cyh/openwrt-SingleFlight/staging_dir/host --with-mpfr=/home/cyh/openwrt-SingleFlight/staging_dir/host --with-mpc=/home/cyh/openwrt-SingleFlight/staging_dir/host --disable-decimal-float --with-diagnostics-color=auto-if-env --enable-__cxa_atexit --disable-libstdcxx-dual-abi --with-default-libstdcxx-abi=new --with-headers=/home/cyh/openwrt-SingleFlight/staging_dir/toolchain-aarch64_generic_gcc-11.2.0_musl/include --enable-languages=c,c++ --enable-shared --enable-threads --with-slibdir=/home/cyh/openwrt-SingleFlight/staging_dir/toolchain-aarch64_generic_gcc-11.2.0_musl/lib --enable-lto --with-libelf=/home/cyh/openwrt-SingleFlight/staging_dir/host --disable-libsanitizer
Thread model: posix
Supported LTO compression algorithms: zlib
gcc version 11.2.0 (OpenWrt GCC 11.2.0 r20134-5f15225c1e) 
COMPILER_PATH=/home/cyh/openwrt-SingleFlight/openwrt-sdk-rockchip-armv8_gcc-11.2.0_musl.Linux-x86_64/staging_dir/toolchain-aarch64_generic_gcc-11.2.0_musl/bin/../libexec/gcc/aarch64-openwrt-linux-musl/11.2.0/:/home/cyh/openwrt-SingleFlight/openwrt-sdk-rockchip-armv8_gcc-11.2.0_musl.Linux-x86_64/staging_dir/toolchain-aarch64_generic_gcc-11.2.0_musl/bin/../libexec/gcc/:/home/cyh/openwrt-SingleFlight/openwrt-sdk-rockchip-armv8_gcc-11.2.0_musl.Linux-x86_64/staging_dir/toolchain-aarch64_generic_gcc-11.2.0_musl/bin/../lib/gcc/aarch64-openwrt-linux-musl/11.2.0/../../../../aarch64-openwrt-linux-musl/bin/
LIBRARY_PATH=/home/cyh/openwrt-SingleFlight/openwrt-sdk-rockchip-armv8_gcc-11.2.0_musl.Linux-x86_64/staging_dir/toolchain-aarch64_generic_gcc-11.2.0_musl/bin/../lib/gcc/aarch64-openwrt-linux-musl/11.2.0/:/home/cyh/openwrt-SingleFlight/openwrt-sdk-rockchip-armv8_gcc-11.2.0_musl.Linux-x86_64/staging_dir/toolchain-aarch64_generic_gcc-11.2.0_musl/bin/../lib/gcc/:/home/cyh/openwrt-SingleFlight/openwrt-sdk-rockchip-armv8_gcc-11.2.0_musl.Linux-x86_64/staging_dir/toolchain-aarch64_generic_gcc-11.2.0_musl/bin/../lib/gcc/aarch64-openwrt-linux-musl/11.2.0/../../../../aarch64-openwrt-linux-musl/lib/
COLLECT_GCC_OPTIONS='-v' '-o' 'cmTC_236ec' '-mlittle-endian' '-mabi=lp64' '-dumpdir' 'cmTC_236ec.'
 /home/cyh/openwrt-SingleFlight/openwrt-sdk-rockchip-armv8_gcc-11.2.0_musl.Linux-x86_64/staging_dir/toolchain-aarch64_generic_gcc-11.2.0_musl/bin/../libexec/gcc/aarch64-openwrt-linux-musl/11.2.0/collect2 -plugin /home/cyh/openwrt-SingleFlight/openwrt-sdk-rockchip-armv8_gcc-11.2.0_musl.Linux-x86_64/staging_dir/toolchain-aarch64_generic_gcc-11.2.0_musl/bin/../libexec/gcc/aarch64-openwrt-linux-musl/11.2.0/liblto_plugin.so -plugin-opt=/home/cyh/openwrt-SingleFlight/openwrt-sdk-rockchip-armv8_gcc-11.2.0_musl.Linux-x86_64/staging_dir/toolchain-aarch64_generic_gcc-11.2.0_musl/bin/../libexec/gcc/aarch64-openwrt-linux-musl/11.2.0/lto-wrapper -plugin-opt=-fresolution=/tmp/cc2ygYLe.res -plugin-opt=-pass-through=-lgcc_s -plugin-opt=-pass-through=-lc -plugin-opt=-pass-through=-lgcc_s --eh-frame-hdr -dynamic-linker /lib/ld-musl-aarch64.so.1 -X -EL -maarch64linux -o cmTC_236ec /home/cyh/openwrt-SingleFlight/openwrt-sdk-rockchip-armv8_gcc-11.2.0_musl.Linux-x86_64/staging_dir/toolchain-aarch64_generic_gcc-11.2.0_musl/bin/../lib/gcc/aarch64-openwrt-linux-musl/11.2.0/../../../../aarch64-openwrt-linux-musl/lib/crt1.o /home/cyh/openwrt-SingleFlight/openwrt-sdk-rockchip-armv8_gcc-11.2.0_musl.Linux-x86_64/staging_dir/toolchain-aarch64_generic_gcc-11.2.0_musl/bin/../lib/gcc/aarch64-openwrt-linux-musl/11.2.0/../../../../aarch64-openwrt-linux-musl/lib/crti.o /home/cyh/openwrt-SingleFlight/openwrt-sdk-rockchip-armv8_gcc-11.2.0_musl.Linux-x86_64/staging_dir/toolchain-aarch64_generic_gcc-11.2.0_musl/bin/../lib/gcc/aarch64-openwrt-linux-musl/11.2.0/crtbegin.o -L /home/cyh/openwrt-SingleFlight/openwrt-sdk-rockchip-armv8_gcc-11.2.0_musl.Linux-x86_64/staging_dir/usr/lib -rpath-link /home/cyh/openwrt-SingleFlight/openwrt-sdk-rockchip-armv8_gcc-11.2.0_musl.Linux-x86_64/staging_dir/usr/lib -L/home/cyh/openwrt-SingleFlight/openwrt-sdk-rockchip-armv8_gcc-11.2.0_musl.Linux-x86_64/staging_dir/toolchain-aarch64_generic_gcc-11.2.0_musl/bin/../lib/gcc/aarch64-openwrt-linux-musl/11.2.0 -L/home/cyh/openwrt-SingleFlight/openwrt-sdk-rockchip-armv8_gcc-11.2.0_musl.Linux-x86_64/staging_dir/toolchain-aarch64_generic_gcc-11.2.0_musl/bin/../lib/gcc -L/home/cyh/openwrt-SingleFlight/openwrt-sdk-rockchip-armv8_gcc-11.2.0_musl.Linux-x86_64/staging_dir/toolchain-aarch64_generic_gcc-11.2.0_musl/bin/../lib/gcc/aarch64-openwrt-linux-musl/11.2.0/../../../../aarch64-openwrt-linux-musl/lib CMakeFiles/cmTC_236ec.dir/CMakeCCompilerABI.c.o -lssp_nonshared -lgcc_s -lc -lgcc_s /home/cyh/openwrt-SingleFlight/openwrt-sdk-rockchip-armv8_gcc-11.2.0_musl.Linux-x86_64/staging_dir/toolchain-aarch64_generic_gcc-11.2.0_musl/bin/../lib/gcc/aarch64-openwrt-linux-musl/11.2.0/crtend.o /home/cyh/openwrt-SingleFlight/openwrt-sdk-rockchip-armv8_gcc-11.2.0_musl.Linux-x86_64/staging_dir/toolchain-aarch64_generic_gcc-11.2.0_musl/bin/../lib/gcc/aarch64-openwrt-linux-musl/11.2.0/../../../../aarch64-openwrt-linux-musl/lib/crtn.o
COLLECT_GCC_OPTIONS='-v' '-o' 'cmTC_236ec' '-mlittle-endian' '-mabi=lp64' '-dumpdir' 'cmTC_236ec.'
make[1]: Leaving directory '/home/cyh/FlightCode/RockPiMPU/build/CMakeFiles/CMakeTmp'



Parsed C implicit include dir info from above output: rv=done
  found start of include info
  found start of implicit include info
    add: [/home/cyh/openwrt-SingleFlight/openwrt-sdk-rockchip-armv8_gcc-11.2.0_musl.Linux-x86_64/staging_dir/toolchain-aarch64_generic_gcc-11.2.0_musl/bin/../lib/gcc/aarch64-openwrt-linux-musl/11.2.0/../../../../aarch64-openwrt-linux-musl/sys-include]
    add: [/home/cyh/openwrt-SingleFlight/openwrt-sdk-rockchip-armv8_gcc-11.2.0_musl.Linux-x86_64/staging_dir/toolchain-aarch64_generic_gcc-11.2.0_musl/bin/../lib/gcc/aarch64-openwrt-linux-musl/11.2.0/../../../../aarch64-openwrt-linux-musl/include]
    add: [/home/cyh/openwrt-SingleFlight/openwrt-sdk-rockchip-armv8_gcc-11.2.0_musl.Linux-x86_64/staging_dir/toolchain-aarch64_generic_gcc-11.2.0_musl/bin/../lib/gcc/aarch64-openwrt-linux-musl/11.2.0/include]
  end of search list found
  collapse include dir [/home/cyh/openwrt-SingleFlight/openwrt-sdk-rockchip-armv8_gcc-11.2.0_musl.Linux-x86_64/staging_dir/toolchain-aarch64_generic_gcc-11.2.0_musl/bin/../lib/gcc/aarch64-openwrt-linux-musl/11.2.0/../../../../aarch64-openwrt-linux-musl/sys-include] ==> [/home/cyh/openwrt-SingleFlight/openwrt-sdk-rockchip-armv8_gcc-11.2.0_musl.Linux-x86_64/staging_dir/toolchain-aarch64_generic_gcc-11.2.0_musl/aarch64-openwrt-linux-musl/sys-include]
  collapse include dir [/home/cyh/openwrt-SingleFlight/openwrt-sdk-rockchip-armv8_gcc-11.2.0_musl.Linux-x86_64/staging_dir/toolchain-aarch64_generic_gcc-11.2.0_musl/bin/../lib/gcc/aarch64-openwrt-linux-musl/11.2.0/../../../../aarch64-openwrt-linux-musl/include] ==> [/home/cyh/openwrt-SingleFlight/openwrt-sdk-rockchip-armv8_gcc-11.2.0_musl.Linux-x86_64/staging_dir/toolchain-aarch64_generic_gcc-11.2.0_musl/aarch64-openwrt-linux-musl/include]
  collapse include dir [/home/cyh/openwrt-SingleFlight/openwrt-sdk-rockchip-armv8_gcc-11.2.0_musl.Linux-x86_64/staging_dir/toolchain-aarch64_generic_gcc-11.2.0_musl/bin/../lib/gcc/aarch64-openwrt-linux-musl/11.2.0/include] ==> [/home/cyh/openwrt-SingleFlight/openwrt-sdk-rockchip-armv8_gcc-11.2.0_musl.Linux-x86_64/staging_dir/toolchain-aarch64_generic_gcc-11.2.0_musl/lib/gcc/aarch64-openwrt-linux-musl/11.2.0/include]
  implicit include dirs: [/home/cyh/openwrt-SingleFlight/openwrt-sdk-rockchip-armv8_gcc-11.2.0_musl.Linux-x86_64/staging_dir/toolchain-aarch64_generic_gcc-11.2.0_musl/aarch64-openwrt-linux-musl/sys-include;/home/cyh/openwrt-SingleFlight/openwrt-sdk-rockchip-armv8_gcc-11.2.0_musl.Linux-x86_64/staging_dir/toolchain-aarch64_generic_gcc-11.2.0_musl/aarch64-openwrt-linux-musl/include;/home/cyh/openwrt-SingleFlight/openwrt-sdk-rockchip-armv8_gcc-11.2.0_musl.Linux-x86_64/staging_dir/toolchain-aarch64_generic_gcc-11.2.0_musl/lib/gcc/aarch64-openwrt-linux-musl/11.2.0/include]


Parsed C implicit link information from above output:
  link line regex: [^( *|.*[/\])(ld|CMAKE_LINK_STARTFILE-NOTFOUND|([^/\]+-)?ld|collect2)[^/\]*( |$)]
  ignore line: [Change Dir: /home/cyh/FlightCode/RockPiMPU/build/CMakeFiles/CMakeTmp]
  ignore line: []
  ignore line: [Run Build Command(s):/usr/bin/make cmTC_236ec/fast && /usr/bin/make -f CMakeFiles/cmTC_236ec.dir/build.make CMakeFiles/cmTC_236ec.dir/build]
  ignore line: [make[1]: Entering directory '/home/cyh/FlightCode/RockPiMPU/build/CMakeFiles/CMakeTmp']
  ignore line: [Building C object CMakeFiles/cmTC_236ec.dir/CMakeCCompilerABI.c.o]
  ignore line: [/home/cyh/openwrt-SingleFlight/openwrt-sdk-rockchip-armv8_gcc-11.2.0_musl.Linux-x86_64/staging_dir/toolchain-aarch64_generic_gcc-11.2.0_musl/bin/aarch64-openwrt-linux-gcc   -v -o CMakeFiles/cmTC_236ec.dir/CMakeCCompilerABI.c.o   -c /usr/share/cmake-3.16/Modules/CMakeCCompilerABI.c]
  ignore line: [Reading specs from /home/cyh/openwrt-SingleFlight/openwrt-sdk-rockchip-armv8_gcc-11.2.0_musl.Linux-x86_64/staging_dir/toolchain-aarch64_generic_gcc-11.2.0_musl/bin/../lib/gcc/aarch64-openwrt-linux-musl/11.2.0/specs]
  ignore line: [COLLECT_GCC=/home/cyh/openwrt-SingleFlight/openwrt-sdk-rockchip-armv8_gcc-11.2.0_musl.Linux-x86_64/staging_dir/toolchain-aarch64_generic_gcc-11.2.0_musl/bin/aarch64-openwrt-linux-gcc]
  ignore line: [Target: aarch64-openwrt-linux-musl]
  ignore line: [Configured with: /home/cyh/openwrt-SingleFlight/build_dir/toolchain-aarch64_generic_gcc-11.2.0_musl/gcc-11.2.0/configure --with-bugurl=http://bugs.openwrt.org/ --with-pkgversion='OpenWrt GCC 11.2.0 r20134-5f15225c1e' --prefix=/home/cyh/openwrt-SingleFlight/staging_dir/toolchain-aarch64_generic_gcc-11.2.0_musl --build=x86_64-pc-linux-gnu --host=x86_64-pc-linux-gnu --target=aarch64-openwrt-linux-musl --with-gnu-ld --enable-target-optspace --disable-libgomp --disable-libmudflap --disable-multilib --disable-libmpx --disable-nls --disable-libssp --without-isl --without-cloog --with-host-libstdcxx=-lstdc++ --with-gmp=/home/cyh/openwrt-SingleFlight/staging_dir/host --with-mpfr=/home/cyh/openwrt-SingleFlight/staging_dir/host --with-mpc=/home/cyh/openwrt-SingleFlight/staging_dir/host --disable-decimal-float --with-diagnostics-color=auto-if-env --enable-__cxa_atexit --disable-libstdcxx-dual-abi --with-default-libstdcxx-abi=new --with-headers=/home/cyh/openwrt-SingleFlight/staging_dir/toolchain-aarch64_generic_gcc-11.2.0_musl/include --enable-languages=c,c++ --enable-shared --enable-threads --with-slibdir=/home/cyh/openwrt-SingleFlight/staging_dir/toolchain-aarch64_generic_gcc-11.2.0_musl/lib --enable-lto --with-libelf=/home/cyh/openwrt-SingleFlight/staging_dir/host --disable-libsanitizer]
  ignore line: [Thread model: posix]
  ignore line: [Supported LTO compression algorithms: zlib]
  ignore line: [gcc version 11.2.0 (OpenWrt GCC 11.2.0 r20134-5f15225c1e) ]
  ignore line: [COLLECT_GCC_OPTIONS='-v' '-o' 'CMakeFiles/cmTC_236ec.dir/CMakeCCompilerABI.c.o' '-c' '-mlittle-endian' '-mabi=lp64' '-dumpdir' 'CMakeFiles/cmTC_236ec.dir/']
  ignore line: [ /home/cyh/openwrt-SingleFlight/openwrt-sdk-rockchip-armv8_gcc-11.2.0_musl.Linux-x86_64/staging_dir/toolchain-aarch64_generic_gcc-11.2.0_musl/bin/../libexec/gcc/aarch64-openwrt-linux-musl/11.2.0/cc1 -quiet -v -iprefix /home/cyh/openwrt-SingleFlight/openwrt-sdk-rockchip-armv8_gcc-11.2.0_musl.Linux-x86_64/staging_dir/toolchain-aarch64_generic_gcc-11.2.0_musl/bin/../lib/gcc/aarch64-openwrt-linux-musl/11.2.0/ -idirafter /home/cyh/openwrt-SingleFlight/openwrt-sdk-rockchip-armv8_gcc-11.2.0_musl.Linux-x86_64/staging_dir/usr/include /usr/share/cmake-3.16/Modules/CMakeCCompilerABI.c -quiet -dumpdir CMakeFiles/cmTC_236ec.dir/ -dumpbase CMakeCCompilerABI.c.c -dumpbase-ext .c -mlittle-endian -mabi=lp64 -version -o /tmp/cc6fJZDv.s]
  ignore line: [GNU C17 (OpenWrt GCC 11.2.0 r20134-5f15225c1e) version 11.2.0 (aarch64-openwrt-linux-musl)]
  ignore line: [	compiled by GNU C version 9.4.0  GMP version 6.2.1  MPFR version 4.1.0  MPC version 1.2.1  isl version none]
  ignore line: [GGC heuristics: --param ggc-min-expand=100 --param ggc-min-heapsize=131072]
  ignore line: [ignoring duplicate directory "/home/cyh/openwrt-SingleFlight/openwrt-sdk-rockchip-armv8_gcc-11.2.0_musl.Linux-x86_64/staging_dir/toolchain-aarch64_generic_gcc-11.2.0_musl/bin/../lib/gcc/../../lib/gcc/aarch64-openwrt-linux-musl/11.2.0/../../../../aarch64-openwrt-linux-musl/sys-include"]
  ignore line: [ignoring duplicate directory "/home/cyh/openwrt-SingleFlight/openwrt-sdk-rockchip-armv8_gcc-11.2.0_musl.Linux-x86_64/staging_dir/toolchain-aarch64_generic_gcc-11.2.0_musl/bin/../lib/gcc/../../lib/gcc/aarch64-openwrt-linux-musl/11.2.0/../../../../aarch64-openwrt-linux-musl/include"]
  ignore line: [ignoring duplicate directory "/home/cyh/openwrt-SingleFlight/openwrt-sdk-rockchip-armv8_gcc-11.2.0_musl.Linux-x86_64/staging_dir/toolchain-aarch64_generic_gcc-11.2.0_musl/bin/../lib/gcc/../../lib/gcc/aarch64-openwrt-linux-musl/11.2.0/include"]
  ignore line: [ignoring nonexistent directory "/home/cyh/openwrt-SingleFlight/openwrt-sdk-rockchip-armv8_gcc-11.2.0_musl.Linux-x86_64/staging_dir/usr/include"]
  ignore line: [#include "..." search starts here:]
  ignore line: [#include <...> search starts here:]
  ignore line: [ /home/cyh/openwrt-SingleFlight/openwrt-sdk-rockchip-armv8_gcc-11.2.0_musl.Linux-x86_64/staging_dir/toolchain-aarch64_generic_gcc-11.2.0_musl/bin/../lib/gcc/aarch64-openwrt-linux-musl/11.2.0/../../../../aarch64-openwrt-linux-musl/sys-include]
  ignore line: [ /home/cyh/openwrt-SingleFlight/openwrt-sdk-rockchip-armv8_gcc-11.2.0_musl.Linux-x86_64/staging_dir/toolchain-aarch64_generic_gcc-11.2.0_musl/bin/../lib/gcc/aarch64-openwrt-linux-musl/11.2.0/../../../../aarch64-openwrt-linux-musl/include]
  ignore line: [ /home/cyh/openwrt-SingleFlight/openwrt-sdk-rockchip-armv8_gcc-11.2.0_musl.Linux-x86_64/staging_dir/toolchain-aarch64_generic_gcc-11.2.0_musl/bin/../lib/gcc/aarch64-openwrt-linux-musl/11.2.0/include]
  ignore line: [End of search list.]
  ignore line: [GNU C17 (OpenWrt GCC 11.2.0 r20134-5f15225c1e) version 11.2.0 (aarch64-openwrt-linux-musl)]
  ignore line: [	compiled by GNU C version 9.4.0  GMP version 6.2.1  MPFR version 4.1.0  MPC version 1.2.1  isl version none]
  ignore line: [GGC heuristics: --param ggc-min-expand=100 --param ggc-min-heapsize=131072]
  ignore line: [Compiler executable checksum: 8c33e53779a96b0e21826c506c2b3f6a]
  ignore line: [COLLECT_GCC_OPTIONS='-v' '-o' 'CMakeFiles/cmTC_236ec.dir/CMakeCCompilerABI.c.o' '-c' '-mlittle-endian' '-mabi=lp64' '-dumpdir' 'CMakeFiles/cmTC_236ec.dir/']
  ignore line: [ /home/cyh/openwrt-SingleFlight/openwrt-sdk-rockchip-armv8_gcc-11.2.0_musl.Linux-x86_64/staging_dir/toolchain-aarch64_generic_gcc-11.2.0_musl/bin/../lib/gcc/aarch64-openwrt-linux-musl/11.2.0/../../../../aarch64-openwrt-linux-musl/bin/as -v -EL -mabi=lp64 -o CMakeFiles/cmTC_236ec.dir/CMakeCCompilerABI.c.o /tmp/cc6fJZDv.s]
  ignore line: [GNU assembler version 2.37 (aarch64-openwrt-linux-musl) using BFD version (GNU Binutils) 2.37]
  ignore line: [COMPILER_PATH=/home/cyh/openwrt-SingleFlight/openwrt-sdk-rockchip-armv8_gcc-11.2.0_musl.Linux-x86_64/staging_dir/toolchain-aarch64_generic_gcc-11.2.0_musl/bin/../libexec/gcc/aarch64-openwrt-linux-musl/11.2.0/:/home/cyh/openwrt-SingleFlight/openwrt-sdk-rockchip-armv8_gcc-11.2.0_musl.Linux-x86_64/staging_dir/toolchain-aarch64_generic_gcc-11.2.0_musl/bin/../libexec/gcc/:/home/cyh/openwrt-SingleFlight/openwrt-sdk-rockchip-armv8_gcc-11.2.0_musl.Linux-x86_64/staging_dir/toolchain-aarch64_generic_gcc-11.2.0_musl/bin/../lib/gcc/aarch64-openwrt-linux-musl/11.2.0/../../../../aarch64-openwrt-linux-musl/bin/]
  ignore line: [LIBRARY_PATH=/home/cyh/openwrt-SingleFlight/openwrt-sdk-rockchip-armv8_gcc-11.2.0_musl.Linux-x86_64/staging_dir/toolchain-aarch64_generic_gcc-11.2.0_musl/bin/../lib/gcc/aarch64-openwrt-linux-musl/11.2.0/:/home/cyh/openwrt-SingleFlight/openwrt-sdk-rockchip-armv8_gcc-11.2.0_musl.Linux-x86_64/staging_dir/toolchain-aarch64_generic_gcc-11.2.0_musl/bin/../lib/gcc/:/home/cyh/openwrt-SingleFlight/openwrt-sdk-rockchip-armv8_gcc-11.2.0_musl.Linux-x86_64/staging_dir/toolchain-aarch64_generic_gcc-11.2.0_musl/bin/../lib/gcc/aarch64-openwrt-linux-musl/11.2.0/../../../../aarch64-openwrt-linux-musl/lib/]
  ignore line: [COLLECT_GCC_OPTIONS='-v' '-o' 'CMakeFiles/cmTC_236ec.dir/CMakeCCompilerABI.c.o' '-c' '-mlittle-endian' '-mabi=lp64' '-dumpdir' 'CMakeFiles/cmTC_236ec.dir/CMakeCCompilerABI.c.']
  ignore line: [Linking C executable cmTC_236ec]
  ignore line: [/usr/bin/cmake -E cmake_link_script CMakeFiles/cmTC_236ec.dir/link.txt --verbose=1]
  ignore line: [/home/cyh/openwrt-SingleFlight/openwrt-sdk-rockchip-armv8_gcc-11.2.0_musl.Linux-x86_64/staging_dir/toolchain-aarch64_generic_gcc-11.2.0_musl/bin/aarch64-openwrt-linux-gcc     -v CMakeFiles/cmTC_236ec.dir/CMakeCCompilerABI.c.o  -o cmTC_236ec ]
  ignore line: [Reading specs from /home/cyh/openwrt-SingleFlight/openwrt-sdk-rockchip-armv8_gcc-11.2.0_musl.Linux-x86_64/staging_dir/toolchain-aarch64_generic_gcc-11.2.0_musl/bin/../lib/gcc/aarch64-openwrt-linux-musl/11.2.0/specs]
  ignore line: [COLLECT_GCC=/home/cyh/openwrt-SingleFlight/openwrt-sdk-rockchip-armv8_gcc-11.2.0_musl.Linux-x86_64/staging_dir/toolchain-aarch64_generic_gcc-11.2.0_musl/bin/aarch64-openwrt-linux-gcc]
  ignore line: [COLLECT_LTO_WRAPPER=/home/cyh/openwrt-SingleFlight/openwrt-sdk-rockchip-armv8_gcc-11.2.0_musl.Linux-x86_64/staging_dir/toolchain-aarch64_generic_gcc-11.2.0_musl/bin/../libexec/gcc/aarch64-openwrt-linux-musl/11.2.0/lto-wrapper]
  ignore line: [Target: aarch64-openwrt-linux-musl]
  ignore line: [Configured with: /home/cyh/openwrt-SingleFlight/build_dir/toolchain-aarch64_generic_gcc-11.2.0_musl/gcc-11.2.0/configure --with-bugurl=http://bugs.openwrt.org/ --with-pkgversion='OpenWrt GCC 11.2.0 r20134-5f15225c1e' --prefix=/home/cyh/openwrt-SingleFlight/staging_dir/toolchain-aarch64_generic_gcc-11.2.0_musl --build=x86_64-pc-linux-gnu --host=x86_64-pc-linux-gnu --target=aarch64-openwrt-linux-musl --with-gnu-ld --enable-target-optspace --disable-libgomp --disable-libmudflap --disable-multilib --disable-libmpx --disable-nls --disable-libssp --without-isl --without-cloog --with-host-libstdcxx=-lstdc++ --with-gmp=/home/cyh/openwrt-SingleFlight/staging_dir/host --with-mpfr=/home/cyh/openwrt-SingleFlight/staging_dir/host --with-mpc=/home/cyh/openwrt-SingleFlight/staging_dir/host --disable-decimal-float --with-diagnostics-color=auto-if-env --enable-__cxa_atexit --disable-libstdcxx-dual-abi --with-default-libstdcxx-abi=new --with-headers=/home/cyh/openwrt-SingleFlight/staging_dir/toolchain-aarch64_generic_gcc-11.2.0_musl/include --enable-languages=c,c++ --enable-shared --enable-threads --with-slibdir=/home/cyh/openwrt-SingleFlight/staging_dir/toolchain-aarch64_generic_gcc-11.2.0_musl/lib --enable-lto --with-libelf=/home/cyh/openwrt-SingleFlight/staging_dir/host --disable-libsanitizer]
  ignore line: [Thread model: posix]
  ignore line: [Supported LTO compression algorithms: zlib]
  ignore line: [gcc version 11.2.0 (OpenWrt GCC 11.2.0 r20134-5f15225c1e) ]
  ignore line: [COMPILER_PATH=/home/cyh/openwrt-SingleFlight/openwrt-sdk-rockchip-armv8_gcc-11.2.0_musl.Linux-x86_64/staging_dir/toolchain-aarch64_generic_gcc-11.2.0_musl/bin/../libexec/gcc/aarch64-openwrt-linux-musl/11.2.0/:/home/cyh/openwrt-SingleFlight/openwrt-sdk-rockchip-armv8_gcc-11.2.0_musl.Linux-x86_64/staging_dir/toolchain-aarch64_generic_gcc-11.2.0_musl/bin/../libexec/gcc/:/home/cyh/openwrt-SingleFlight/openwrt-sdk-rockchip-armv8_gcc-11.2.0_musl.Linux-x86_64/staging_dir/toolchain-aarch64_generic_gcc-11.2.0_musl/bin/../lib/gcc/aarch64-openwrt-linux-musl/11.2.0/../../../../aarch64-openwrt-linux-musl/bin/]
  ignore line: [LIBRARY_PATH=/home/cyh/openwrt-SingleFlight/openwrt-sdk-rockchip-armv8_gcc-11.2.0_musl.Linux-x86_64/staging_dir/toolchain-aarch64_generic_gcc-11.2.0_musl/bin/../lib/gcc/aarch64-openwrt-linux-musl/11.2.0/:/home/cyh/openwrt-SingleFlight/openwrt-sdk-rockchip-armv8_gcc-11.2.0_musl.Linux-x86_64/staging_dir/toolchain-aarch64_generic_gcc-11.2.0_musl/bin/../lib/gcc/:/home/cyh/openwrt-SingleFlight/openwrt-sdk-rockchip-armv8_gcc-11.2.0_musl.Linux-x86_64/staging_dir/toolchain-aarch64_generic_gcc-11.2.0_musl/bin/../lib/gcc/aarch64-openwrt-linux-musl/11.2.0/../../../../aarch64-openwrt-linux-musl/lib/]
  ignore line: [COLLECT_GCC_OPTIONS='-v' '-o' 'cmTC_236ec' '-mlittle-endian' '-mabi=lp64' '-dumpdir' 'cmTC_236ec.']
  link line: [ /home/cyh/openwrt-SingleFlight/openwrt-sdk-rockchip-armv8_gcc-11.2.0_musl.Linux-x86_64/staging_dir/toolchain-aarch64_generic_gcc-11.2.0_musl/bin/../libexec/gcc/aarch64-openwrt-linux-musl/11.2.0/collect2 -plugin /home/cyh/openwrt-SingleFlight/openwrt-sdk-rockchip-armv8_gcc-11.2.0_musl.Linux-x86_64/staging_dir/toolchain-aarch64_generic_gcc-11.2.0_musl/bin/../libexec/gcc/aarch64-openwrt-linux-musl/11.2.0/liblto_plugin.so -plugin-opt=/home/cyh/openwrt-SingleFlight/openwrt-sdk-rockchip-armv8_gcc-11.2.0_musl.Linux-x86_64/staging_dir/toolchain-aarch64_generic_gcc-11.2.0_musl/bin/../libexec/gcc/aarch64-openwrt-linux-musl/11.2.0/lto-wrapper -plugin-opt=-fresolution=/tmp/cc2ygYLe.res -plugin-opt=-pass-through=-lgcc_s -plugin-opt=-pass-through=-lc -plugin-opt=-pass-through=-lgcc_s --eh-frame-hdr -dynamic-linker /lib/ld-musl-aarch64.so.1 -X -EL -maarch64linux -o cmTC_236ec /home/cyh/openwrt-SingleFlight/openwrt-sdk-rockchip-armv8_gcc-11.2.0_musl.Linux-x86_64/staging_dir/toolchain-aarch64_generic_gcc-11.2.0_musl/bin/../lib/gcc/aarch64-openwrt-linux-musl/11.2.0/../../../../aarch64-openwrt-linux-musl/lib/crt1.o /home/cyh/openwrt-SingleFlight/openwrt-sdk-rockchip-armv8_gcc-11.2.0_musl.Linux-x86_64/staging_dir/toolchain-aarch64_generic_gcc-11.2.0_musl/bin/../lib/gcc/aarch64-openwrt-linux-musl/11.2.0/../../../../aarch64-openwrt-linux-musl/lib/crti.o /home/cyh/openwrt-SingleFlight/openwrt-sdk-rockchip-armv8_gcc-11.2.0_musl.Linux-x86_64/staging_dir/toolchain-aarch64_generic_gcc-11.2.0_musl/bin/../lib/gcc/aarch64-openwrt-linux-musl/11.2.0/crtbegin.o -L /home/cyh/openwrt-SingleFlight/openwrt-sdk-rockchip-armv8_gcc-11.2.0_musl.Linux-x86_64/staging_dir/usr/lib -rpath-link /home/cyh/openwrt-SingleFlight/openwrt-sdk-rockchip-armv8_gcc-11.2.0_musl.Linux-x86_64/staging_dir/usr/lib -L/home/cyh/openwrt-SingleFlight/openwrt-sdk-rockchip-armv8_gcc-11.2.0_musl.Linux-x86_64/staging_dir/toolchain-aarch64_generic_gcc-11.2.0_musl/bin/../lib/gcc/aarch64-openwrt-linux-musl/11.2.0 -L/home/cyh/openwrt-SingleFlight/openwrt-sdk-rockchip-armv8_gcc-11.2.0_musl.Linux-x86_64/staging_dir/toolchain-aarch64_generic_gcc-11.2.0_musl/bin/../lib/gcc -L/home/cyh/openwrt-SingleFlight/openwrt-sdk-rockchip-armv8_gcc-11.2.0_musl.Linux-x86_64/staging_dir/toolchain-aarch64_generic_gcc-11.2.0_musl/bin/../lib/gcc/aarch64-openwrt-linux-musl/11.2.0/../../../../aarch64-openwrt-linux-musl/lib CMakeFiles/cmTC_236ec.dir/CMakeCCompilerABI.c.o -lssp_nonshared -lgcc_s -lc -lgcc_s /home/cyh/openwrt-SingleFlight/openwrt-sdk-rockchip-armv8_gcc-11.2.0_musl.Linux-x86_64/staging_dir/toolchain-aarch64_generic_gcc-11.2.0_musl/bin/../lib/gcc/aarch64-openwrt-linux-musl/11.2.0/crtend.o /home/cyh/openwrt-SingleFlight/openwrt-sdk-rockchip-armv8_gcc-11.2.0_musl.Linux-x86_64/staging_dir/toolchain-aarch64_generic_gcc-11.2.0_musl/bin/../lib/gcc/aarch64-openwrt-linux-musl/11.2.0/../../../../aarch64-openwrt-linux-musl/lib/crtn.o]
    arg [/home/cyh/openwrt-SingleFlight/openwrt-sdk-rockchip-armv8_gcc-11.2.0_musl.Linux-x86_64/staging_dir/toolchain-aarch64_generic_gcc-11.2.0_musl/bin/../libexec/gcc/aarch64-openwrt-linux-musl/11.2.0/collect2] ==> ignore
    arg [-plugin] ==> ignore
    arg [/home/cyh/openwrt-SingleFlight/openwrt-sdk-rockchip-armv8_gcc-11.2.0_musl.Linux-x86_64/staging_dir/toolchain-aarch64_generic_gcc-11.2.0_musl/bin/../libexec/gcc/aarch64-openwrt-linux-musl/11.2.0/liblto_plugin.so] ==> ignore
    arg [-plugin-opt=/home/cyh/openwrt-SingleFlight/openwrt-sdk-rockchip-armv8_gcc-11.2.0_musl.Linux-x86_64/staging_dir/toolchain-aarch64_generic_gcc-11.2.0_musl/bin/../libexec/gcc/aarch64-openwrt-linux-musl/11.2.0/lto-wrapper] ==> ignore
    arg [-plugin-opt=-fresolution=/tmp/cc2ygYLe.res] ==> ignore
    arg [-plugin-opt=-pass-through=-lgcc_s] ==> ignore
    arg [-plugin-opt=-pass-through=-lc] ==> ignore
    arg [-plugin-opt=-pass-through=-lgcc_s] ==> ignore
    arg [--eh-frame-hdr] ==> ignore
    arg [-dynamic-linker] ==> ignore
    arg [/lib/ld-musl-aarch64.so.1] ==> ignore
    arg [-X] ==> ignore
    arg [-EL] ==> ignore
    arg [-maarch64linux] ==> ignore
    arg [-o] ==> ignore
    arg [cmTC_236ec] ==> ignore
    arg [/home/cyh/openwrt-SingleFlight/openwrt-sdk-rockchip-armv8_gcc-11.2.0_musl.Linux-x86_64/staging_dir/toolchain-aarch64_generic_gcc-11.2.0_musl/bin/../lib/gcc/aarch64-openwrt-linux-musl/11.2.0/../../../../aarch64-openwrt-linux-musl/lib/crt1.o] ==> ignore
    arg [/home/cyh/openwrt-SingleFlight/openwrt-sdk-rockchip-armv8_gcc-11.2.0_musl.Linux-x86_64/staging_dir/toolchain-aarch64_generic_gcc-11.2.0_musl/bin/../lib/gcc/aarch64-openwrt-linux-musl/11.2.0/../../../../aarch64-openwrt-linux-musl/lib/crti.o] ==> ignore
    arg [/home/cyh/openwrt-SingleFlight/openwrt-sdk-rockchip-armv8_gcc-11.2.0_musl.Linux-x86_64/staging_dir/toolchain-aarch64_generic_gcc-11.2.0_musl/bin/../lib/gcc/aarch64-openwrt-linux-musl/11.2.0/crtbegin.o] ==> ignore
    arg [-L/home/cyh/openwrt-SingleFlight/openwrt-sdk-rockchip-armv8_gcc-11.2.0_musl.Linux-x86_64/staging_dir/usr/lib] ==> dir [/home/cyh/openwrt-SingleFlight/openwrt-sdk-rockchip-armv8_gcc-11.2.0_musl.Linux-x86_64/staging_dir/usr/lib]
    arg [-rpath-link] ==> ignore
    arg [/home/cyh/openwrt-SingleFlight/openwrt-sdk-rockchip-armv8_gcc-11.2.0_musl.Linux-x86_64/staging_dir/usr/lib] ==> ignore
    arg [-L/home/cyh/openwrt-SingleFlight/openwrt-sdk-rockchip-armv8_gcc-11.2.0_musl.Linux-x86_64/staging_dir/toolchain-aarch64_generic_gcc-11.2.0_musl/bin/../lib/gcc/aarch64-openwrt-linux-musl/11.2.0] ==> dir [/home/cyh/openwrt-SingleFlight/openwrt-sdk-rockchip-armv8_gcc-11.2.0_musl.Linux-x86_64/staging_dir/toolchain-aarch64_generic_gcc-11.2.0_musl/bin/../lib/gcc/aarch64-openwrt-linux-musl/11.2.0]
    arg [-L/home/cyh/openwrt-SingleFlight/openwrt-sdk-rockchip-armv8_gcc-11.2.0_musl.Linux-x86_64/staging_dir/toolchain-aarch64_generic_gcc-11.2.0_musl/bin/../lib/gcc] ==> dir [/home/cyh/openwrt-SingleFlight/openwrt-sdk-rockchip-armv8_gcc-11.2.0_musl.Linux-x86_64/staging_dir/toolchain-aarch64_generic_gcc-11.2.0_musl/bin/../lib/gcc]
    arg [-L/home/cyh/openwrt-SingleFlight/openwrt-sdk-rockchip-armv8_gcc-11.2.0_musl.Linux-x86_64/staging_dir/toolchain-aarch64_generic_gcc-11.2.0_musl/bin/../lib/gcc/aarch64-openwrt-linux-musl/11.2.0/../../../../aarch64-openwrt-linux-musl/lib] ==> dir [/home/cyh/openwrt-SingleFlight/openwrt-sdk-rockchip-armv8_gcc-11.2.0_musl.Linux-x86_64/staging_dir/toolchain-aarch64_generic_gcc-11.2.0_musl/bin/../lib/gcc/aarch64-openwrt-linux-musl/11.2.0/../../../../aarch64-openwrt-linux-musl/lib]
    arg [CMakeFiles/cmTC_236ec.dir/CMakeCCompilerABI.c.o] ==> ignore
    arg [-lssp_nonshared] ==> lib [ssp_nonshared]
    arg [-lgcc_s] ==> lib [gcc_s]
    arg [-lc] ==> lib [c]
    arg [-lgcc_s] ==> lib [gcc_s]
    arg [/home/cyh/openwrt-SingleFlight/openwrt-sdk-rockchip-armv8_gcc-11.2.0_musl.Linux-x86_64/staging_dir/toolchain-aarch64_generic_gcc-11.2.0_musl/bin/../lib/gcc/aarch64-openwrt-linux-musl/11.2.0/crtend.o] ==> ignore
    arg [/home/cyh/openwrt-SingleFlight/openwrt-sdk-rockchip-armv8_gcc-11.2.0_musl.Linux-x86_64/staging_dir/toolchain-aarch64_generic_gcc-11.2.0_musl/bin/../lib/gcc/aarch64-openwrt-linux-musl/11.2.0/../../../../aarch64-openwrt-linux-musl/lib/crtn.o] ==> ignore
  collapse library dir [/home/cyh/openwrt-SingleFlight/openwrt-sdk-rockchip-armv8_gcc-11.2.0_musl.Linux-x86_64/staging_dir/usr/lib] ==> [/home/cyh/openwrt-SingleFlight/openwrt-sdk-rockchip-armv8_gcc-11.2.0_musl.Linux-x86_64/staging_dir/usr/lib]
  collapse library dir [/home/cyh/openwrt-SingleFlight/openwrt-sdk-rockchip-armv8_gcc-11.2.0_musl.Linux-x86_64/staging_dir/toolchain-aarch64_generic_gcc-11.2.0_musl/bin/../lib/gcc/aarch64-openwrt-linux-musl/11.2.0] ==> [/home/cyh/openwrt-SingleFlight/openwrt-sdk-rockchip-armv8_gcc-11.2.0_musl.Linux-x86_64/staging_dir/toolchain-aarch64_generic_gcc-11.2.0_musl/lib/gcc/aarch64-openwrt-linux-musl/11.2.0]
  collapse library dir [/home/cyh/openwrt-SingleFlight/openwrt-sdk-rockchip-armv8_gcc-11.2.0_musl.Linux-x86_64/staging_dir/toolchain-aarch64_generic_gcc-11.2.0_musl/bin/../lib/gcc] ==> [/home/cyh/openwrt-SingleFlight/openwrt-sdk-rockchip-armv8_gcc-11.2.0_musl.Linux-x86_64/staging_dir/toolchain-aarch64_generic_gcc-11.2.0_musl/lib/gcc]
  collapse library dir [/home/cyh/openwrt-SingleFlight/openwrt-sdk-rockchip-armv8_gcc-11.2.0_musl.Linux-x86_64/staging_dir/toolchain-aarch64_generic_gcc-11.2.0_musl/bin/../lib/gcc/aarch64-openwrt-linux-musl/11.2.0/../../../../aarch64-openwrt-linux-musl/lib] ==> [/home/cyh/openwrt-SingleFlight/openwrt-sdk-rockchip-armv8_gcc-11.2.0_musl.Linux-x86_64/staging_dir/toolchain-aarch64_generic_gcc-11.2.0_musl/aarch64-openwrt-linux-musl/lib]
  implicit libs: [ssp_nonshared;gcc_s;c;gcc_s]
  implicit dirs: [/home/cyh/openwrt-SingleFlight/openwrt-sdk-rockchip-armv8_gcc-11.2.0_musl.Linux-x86_64/staging_dir/usr/lib;/home/cyh/openwrt-SingleFlight/openwrt-sdk-rockchip-armv8_gcc-11.2.0_musl.Linux-x86_64/staging_dir/toolchain-aarch64_generic_gcc-11.2.0_musl/lib/gcc/aarch64-openwrt-linux-musl/11.2.0;/home/cyh/openwrt-SingleFlight/openwrt-sdk-rockchip-armv8_gcc-11.2.0_musl.Linux-x86_64/staging_dir/toolchain-aarch64_generic_gcc-11.2.0_musl/lib/gcc;/home/cyh/openwrt-SingleFlight/openwrt-sdk-rockchip-armv8_gcc-11.2.0_musl.Linux-x86_64/staging_dir/toolchain-aarch64_generic_gcc-11.2.0_musl/aarch64-openwrt-linux-musl/lib]
  implicit fwks: []


Determining if the CXX compiler works passed with the following output:
Change Dir: /home/cyh/FlightCode/RockPiMPU/build/CMakeFiles/CMakeTmp

Run Build Command(s):/usr/bin/make cmTC_0fc33/fast && /usr/bin/make -f CMakeFiles/cmTC_0fc33.dir/build.make CMakeFiles/cmTC_0fc33.dir/build
make[1]: Entering directory '/home/cyh/FlightCode/RockPiMPU/build/CMakeFiles/CMakeTmp'
Building CXX object CMakeFiles/cmTC_0fc33.dir/testCXXCompiler.cxx.o
/home/cyh/openwrt-SingleFlight/openwrt-sdk-rockchip-armv8_gcc-11.2.0_musl.Linux-x86_64/staging_dir/toolchain-aarch64_generic_gcc-11.2.0_musl/bin/aarch64-openwrt-linux-g++     -o CMakeFiles/cmTC_0fc33.dir/testCXXCompiler.cxx.o -c /home/cyh/FlightCode/RockPiMPU/build/CMakeFiles/CMakeTmp/testCXXCompiler.cxx
Linking CXX executable cmTC_0fc33
/usr/bin/cmake -E cmake_link_script CMakeFiles/cmTC_0fc33.dir/link.txt --verbose=1
/home/cyh/openwrt-SingleFlight/openwrt-sdk-rockchip-armv8_gcc-11.2.0_musl.Linux-x86_64/staging_dir/toolchain-aarch64_generic_gcc-11.2.0_musl/bin/aarch64-openwrt-linux-g++       CMakeFiles/cmTC_0fc33.dir/testCXXCompiler.cxx.o  -o cmTC_0fc33 
make[1]: Leaving directory '/home/cyh/FlightCode/RockPiMPU/build/CMakeFiles/CMakeTmp'



Detecting CXX compiler ABI info compiled with the following output:
Change Dir: /home/cyh/FlightCode/RockPiMPU/build/CMakeFiles/CMakeTmp

Run Build Command(s):/usr/bin/make cmTC_a4d5e/fast && /usr/bin/make -f CMakeFiles/cmTC_a4d5e.dir/build.make CMakeFiles/cmTC_a4d5e.dir/build
make[1]: Entering directory '/home/cyh/FlightCode/RockPiMPU/build/CMakeFiles/CMakeTmp'
Building CXX object CMakeFiles/cmTC_a4d5e.dir/CMakeCXXCompilerABI.cpp.o
/home/cyh/openwrt-SingleFlight/openwrt-sdk-rockchip-armv8_gcc-11.2.0_musl.Linux-x86_64/staging_dir/toolchain-aarch64_generic_gcc-11.2.0_musl/bin/aarch64-openwrt-linux-g++    -v -o CMakeFiles/cmTC_a4d5e.dir/CMakeCXXCompilerABI.cpp.o -c /usr/share/cmake-3.16/Modules/CMakeCXXCompilerABI.cpp
Reading specs from /home/cyh/openwrt-SingleFlight/openwrt-sdk-rockchip-armv8_gcc-11.2.0_musl.Linux-x86_64/staging_dir/toolchain-aarch64_generic_gcc-11.2.0_musl/bin/../lib/gcc/aarch64-openwrt-linux-musl/11.2.0/specs
COLLECT_GCC=/home/cyh/openwrt-SingleFlight/openwrt-sdk-rockchip-armv8_gcc-11.2.0_musl.Linux-x86_64/staging_dir/toolchain-aarch64_generic_gcc-11.2.0_musl/bin/aarch64-openwrt-linux-g++
Target: aarch64-openwrt-linux-musl
Configured with: /home/cyh/openwrt-SingleFlight/build_dir/toolchain-aarch64_generic_gcc-11.2.0_musl/gcc-11.2.0/configure --with-bugurl=http://bugs.openwrt.org/ --with-pkgversion='OpenWrt GCC 11.2.0 r20134-5f15225c1e' --prefix=/home/cyh/openwrt-SingleFlight/staging_dir/toolchain-aarch64_generic_gcc-11.2.0_musl --build=x86_64-pc-linux-gnu --host=x86_64-pc-linux-gnu --target=aarch64-openwrt-linux-musl --with-gnu-ld --enable-target-optspace --disable-libgomp --disable-libmudflap --disable-multilib --disable-libmpx --disable-nls --disable-libssp --without-isl --without-cloog --with-host-libstdcxx=-lstdc++ --with-gmp=/home/cyh/openwrt-SingleFlight/staging_dir/host --with-mpfr=/home/cyh/openwrt-SingleFlight/staging_dir/host --with-mpc=/home/cyh/openwrt-SingleFlight/staging_dir/host --disable-decimal-float --with-diagnostics-color=auto-if-env --enable-__cxa_atexit --disable-libstdcxx-dual-abi --with-default-libstdcxx-abi=new --with-headers=/home/cyh/openwrt-SingleFlight/staging_dir/toolchain-aarch64_generic_gcc-11.2.0_musl/include --enable-languages=c,c++ --enable-shared --enable-threads --with-slibdir=/home/cyh/openwrt-SingleFlight/staging_dir/toolchain-aarch64_generic_gcc-11.2.0_musl/lib --enable-lto --with-libelf=/home/cyh/openwrt-SingleFlight/staging_dir/host --disable-libsanitizer
Thread model: posix
Supported LTO compression algorithms: zlib
gcc version 11.2.0 (OpenWrt GCC 11.2.0 r20134-5f15225c1e) 
COLLECT_GCC_OPTIONS='-v' '-o' 'CMakeFiles/cmTC_a4d5e.dir/CMakeCXXCompilerABI.cpp.o' '-c' '-shared-libgcc' '-mlittle-endian' '-mabi=lp64' '-dumpdir' 'CMakeFiles/cmTC_a4d5e.dir/'
 /home/cyh/openwrt-SingleFlight/openwrt-sdk-rockchip-armv8_gcc-11.2.0_musl.Linux-x86_64/staging_dir/toolchain-aarch64_generic_gcc-11.2.0_musl/bin/../libexec/gcc/aarch64-openwrt-linux-musl/11.2.0/cc1plus -quiet -v -iprefix /home/cyh/openwrt-SingleFlight/openwrt-sdk-rockchip-armv8_gcc-11.2.0_musl.Linux-x86_64/staging_dir/toolchain-aarch64_generic_gcc-11.2.0_musl/bin/../lib/gcc/aarch64-openwrt-linux-musl/11.2.0/ -D_GNU_SOURCE -idirafter /home/cyh/openwrt-SingleFlight/openwrt-sdk-rockchip-armv8_gcc-11.2.0_musl.Linux-x86_64/staging_dir/usr/include /usr/share/cmake-3.16/Modules/CMakeCXXCompilerABI.cpp -quiet -dumpdir CMakeFiles/cmTC_a4d5e.dir/ -dumpbase CMakeCXXCompilerABI.cpp.cpp -dumpbase-ext .cpp -mlittle-endian -mabi=lp64 -version -o /tmp/ccNidFpm.s
GNU C++17 (OpenWrt GCC 11.2.0 r20134-5f15225c1e) version 11.2.0 (aarch64-openwrt-linux-musl)
	compiled by GNU C version 9.4.0, GMP version 6.2.1, MPFR version 4.1.0, MPC version 1.2.1, isl version none
GGC heuristics: --param ggc-min-expand=100 --param ggc-min-heapsize=131072
ignoring duplicate directory "/home/cyh/openwrt-SingleFlight/openwrt-sdk-rockchip-armv8_gcc-11.2.0_musl.Linux-x86_64/staging_dir/toolchain-aarch64_generic_gcc-11.2.0_musl/bin/../lib/gcc/../../lib/gcc/aarch64-openwrt-linux-musl/11.2.0/../../../../aarch64-openwrt-linux-musl/include/c++/11.2.0"
ignoring duplicate directory "/home/cyh/openwrt-SingleFlight/openwrt-sdk-rockchip-armv8_gcc-11.2.0_musl.Linux-x86_64/staging_dir/toolchain-aarch64_generic_gcc-11.2.0_musl/bin/../lib/gcc/../../lib/gcc/aarch64-openwrt-linux-musl/11.2.0/../../../../aarch64-openwrt-linux-musl/include/c++/11.2.0/aarch64-openwrt-linux-musl"
ignoring duplicate directory "/home/cyh/openwrt-SingleFlight/openwrt-sdk-rockchip-armv8_gcc-11.2.0_musl.Linux-x86_64/staging_dir/toolchain-aarch64_generic_gcc-11.2.0_musl/bin/../lib/gcc/../../lib/gcc/aarch64-openwrt-linux-musl/11.2.0/../../../../aarch64-openwrt-linux-musl/include/c++/11.2.0/backward"
ignoring duplicate directory "/home/cyh/openwrt-SingleFlight/openwrt-sdk-rockchip-armv8_gcc-11.2.0_musl.Linux-x86_64/staging_dir/toolchain-aarch64_generic_gcc-11.2.0_musl/bin/../lib/gcc/../../lib/gcc/aarch64-openwrt-linux-musl/11.2.0/../../../../aarch64-openwrt-linux-musl/sys-include"
ignoring duplicate directory "/home/cyh/openwrt-SingleFlight/openwrt-sdk-rockchip-armv8_gcc-11.2.0_musl.Linux-x86_64/staging_dir/toolchain-aarch64_generic_gcc-11.2.0_musl/bin/../lib/gcc/../../lib/gcc/aarch64-openwrt-linux-musl/11.2.0/../../../../aarch64-openwrt-linux-musl/include"
ignoring duplicate directory "/home/cyh/openwrt-SingleFlight/openwrt-sdk-rockchip-armv8_gcc-11.2.0_musl.Linux-x86_64/staging_dir/toolchain-aarch64_generic_gcc-11.2.0_musl/bin/../lib/gcc/../../lib/gcc/aarch64-openwrt-linux-musl/11.2.0/include"
ignoring nonexistent directory "/home/cyh/openwrt-SingleFlight/openwrt-sdk-rockchip-armv8_gcc-11.2.0_musl.Linux-x86_64/staging_dir/usr/include"
#include "..." search starts here:
#include <...> search starts here:
 /home/cyh/openwrt-SingleFlight/openwrt-sdk-rockchip-armv8_gcc-11.2.0_musl.Linux-x86_64/staging_dir/toolchain-aarch64_generic_gcc-11.2.0_musl/bin/../lib/gcc/aarch64-openwrt-linux-musl/11.2.0/../../../../aarch64-openwrt-linux-musl/include/c++/11.2.0
 /home/cyh/openwrt-SingleFlight/openwrt-sdk-rockchip-armv8_gcc-11.2.0_musl.Linux-x86_64/staging_dir/toolchain-aarch64_generic_gcc-11.2.0_musl/bin/../lib/gcc/aarch64-openwrt-linux-musl/11.2.0/../../../../aarch64-openwrt-linux-musl/include/c++/11.2.0/aarch64-openwrt-linux-musl
 /home/cyh/openwrt-SingleFlight/openwrt-sdk-rockchip-armv8_gcc-11.2.0_musl.Linux-x86_64/staging_dir/toolchain-aarch64_generic_gcc-11.2.0_musl/bin/../lib/gcc/aarch64-openwrt-linux-musl/11.2.0/../../../../aarch64-openwrt-linux-musl/include/c++/11.2.0/backward
 /home/cyh/openwrt-SingleFlight/openwrt-sdk-rockchip-armv8_gcc-11.2.0_musl.Linux-x86_64/staging_dir/toolchain-aarch64_generic_gcc-11.2.0_musl/bin/../lib/gcc/aarch64-openwrt-linux-musl/11.2.0/../../../../aarch64-openwrt-linux-musl/sys-include
 /home/cyh/openwrt-SingleFlight/openwrt-sdk-rockchip-armv8_gcc-11.2.0_musl.Linux-x86_64/staging_dir/toolchain-aarch64_generic_gcc-11.2.0_musl/bin/../lib/gcc/aarch64-openwrt-linux-musl/11.2.0/../../../../aarch64-openwrt-linux-musl/include
 /home/cyh/openwrt-SingleFlight/openwrt-sdk-rockchip-armv8_gcc-11.2.0_musl.Linux-x86_64/staging_dir/toolchain-aarch64_generic_gcc-11.2.0_musl/bin/../lib/gcc/aarch64-openwrt-linux-musl/11.2.0/include
End of search list.
GNU C++17 (OpenWrt GCC 11.2.0 r20134-5f15225c1e) version 11.2.0 (aarch64-openwrt-linux-musl)
	compiled by GNU C version 9.4.0, GMP version 6.2.1, MPFR version 4.1.0, MPC version 1.2.1, isl version none
GGC heuristics: --param ggc-min-expand=100 --param ggc-min-heapsize=131072
Compiler executable checksum: a385a5c47f4c1e61f04259c69443a057
COLLECT_GCC_OPTIONS='-v' '-o' 'CMakeFiles/cmTC_a4d5e.dir/CMakeCXXCompilerABI.cpp.o' '-c' '-shared-libgcc' '-mlittle-endian' '-mabi=lp64' '-dumpdir' 'CMakeFiles/cmTC_a4d5e.dir/'
 /home/cyh/openwrt-SingleFlight/openwrt-sdk-rockchip-armv8_gcc-11.2.0_musl.Linux-x86_64/staging_dir/toolchain-aarch64_generic_gcc-11.2.0_musl/bin/../lib/gcc/aarch64-openwrt-linux-musl/11.2.0/../../../../aarch64-openwrt-linux-musl/bin/as -v -EL -mabi=lp64 -o CMakeFiles/cmTC_a4d5e.dir/CMakeCXXCompilerABI.cpp.o /tmp/ccNidFpm.s
GNU assembler version 2.37 (aarch64-openwrt-linux-musl) using BFD version (GNU Binutils) 2.37
COMPILER_PATH=/home/cyh/openwrt-SingleFlight/openwrt-sdk-rockchip-armv8_gcc-11.2.0_musl.Linux-x86_64/staging_dir/toolchain-aarch64_generic_gcc-11.2.0_musl/bin/../libexec/gcc/aarch64-openwrt-linux-musl/11.2.0/:/home/cyh/openwrt-SingleFlight/openwrt-sdk-rockchip-armv8_gcc-11.2.0_musl.Linux-x86_64/staging_dir/toolchain-aarch64_generic_gcc-11.2.0_musl/bin/../libexec/gcc/:/home/cyh/openwrt-SingleFlight/openwrt-sdk-rockchip-armv8_gcc-11.2.0_musl.Linux-x86_64/staging_dir/toolchain-aarch64_generic_gcc-11.2.0_musl/bin/../lib/gcc/aarch64-openwrt-linux-musl/11.2.0/../../../../aarch64-openwrt-linux-musl/bin/
LIBRARY_PATH=/home/cyh/openwrt-SingleFlight/openwrt-sdk-rockchip-armv8_gcc-11.2.0_musl.Linux-x86_64/staging_dir/toolchain-aarch64_generic_gcc-11.2.0_musl/bin/../lib/gcc/aarch64-openwrt-linux-musl/11.2.0/:/home/cyh/openwrt-SingleFlight/openwrt-sdk-rockchip-armv8_gcc-11.2.0_musl.Linux-x86_64/staging_dir/toolchain-aarch64_generic_gcc-11.2.0_musl/bin/../lib/gcc/:/home/cyh/openwrt-SingleFlight/openwrt-sdk-rockchip-armv8_gcc-11.2.0_musl.Linux-x86_64/staging_dir/toolchain-aarch64_generic_gcc-11.2.0_musl/bin/../lib/gcc/aarch64-openwrt-linux-musl/11.2.0/../../../../aarch64-openwrt-linux-musl/lib/
COLLECT_GCC_OPTIONS='-v' '-o' 'CMakeFiles/cmTC_a4d5e.dir/CMakeCXXCompilerABI.cpp.o' '-c' '-shared-libgcc' '-mlittle-endian' '-mabi=lp64' '-dumpdir' 'CMakeFiles/cmTC_a4d5e.dir/CMakeCXXCompilerABI.cpp.'
Linking CXX executable cmTC_a4d5e
/usr/bin/cmake -E cmake_link_script CMakeFiles/cmTC_a4d5e.dir/link.txt --verbose=1
/home/cyh/openwrt-SingleFlight/openwrt-sdk-rockchip-armv8_gcc-11.2.0_musl.Linux-x86_64/staging_dir/toolchain-aarch64_generic_gcc-11.2.0_musl/bin/aarch64-openwrt-linux-g++      -v CMakeFiles/cmTC_a4d5e.dir/CMakeCXXCompilerABI.cpp.o  -o cmTC_a4d5e 
Reading specs from /home/cyh/openwrt-SingleFlight/openwrt-sdk-rockchip-armv8_gcc-11.2.0_musl.Linux-x86_64/staging_dir/toolchain-aarch64_generic_gcc-11.2.0_musl/bin/../lib/gcc/aarch64-openwrt-linux-musl/11.2.0/specs
COLLECT_GCC=/home/cyh/openwrt-SingleFlight/openwrt-sdk-rockchip-armv8_gcc-11.2.0_musl.Linux-x86_64/staging_dir/toolchain-aarch64_generic_gcc-11.2.0_musl/bin/aarch64-openwrt-linux-g++
COLLECT_LTO_WRAPPER=/home/cyh/openwrt-SingleFlight/openwrt-sdk-rockchip-armv8_gcc-11.2.0_musl.Linux-x86_64/staging_dir/toolchain-aarch64_generic_gcc-11.2.0_musl/bin/../libexec/gcc/aarch64-openwrt-linux-musl/11.2.0/lto-wrapper
Target: aarch64-openwrt-linux-musl
Configured with: /home/cyh/openwrt-SingleFlight/build_dir/toolchain-aarch64_generic_gcc-11.2.0_musl/gcc-11.2.0/configure --with-bugurl=http://bugs.openwrt.org/ --with-pkgversion='OpenWrt GCC 11.2.0 r20134-5f15225c1e' --prefix=/home/cyh/openwrt-SingleFlight/staging_dir/toolchain-aarch64_generic_gcc-11.2.0_musl --build=x86_64-pc-linux-gnu --host=x86_64-pc-linux-gnu --target=aarch64-openwrt-linux-musl --with-gnu-ld --enable-target-optspace --disable-libgomp --disable-libmudflap --disable-multilib --disable-libmpx --disable-nls --disable-libssp --without-isl --without-cloog --with-host-libstdcxx=-lstdc++ --with-gmp=/home/cyh/openwrt-SingleFlight/staging_dir/host --with-mpfr=/home/cyh/openwrt-SingleFlight/staging_dir/host --with-mpc=/home/cyh/openwrt-SingleFlight/staging_dir/host --disable-decimal-float --with-diagnostics-color=auto-if-env --enable-__cxa_atexit --disable-libstdcxx-dual-abi --with-default-libstdcxx-abi=new --with-headers=/home/cyh/openwrt-SingleFlight/staging_dir/toolchain-aarch64_generic_gcc-11.2.0_musl/include --enable-languages=c,c++ --enable-shared --enable-threads --with-slibdir=/home/cyh/openwrt-SingleFlight/staging_dir/toolchain-aarch64_generic_gcc-11.2.0_musl/lib --enable-lto --with-libelf=/home/cyh/openwrt-SingleFlight/staging_dir/host --disable-libsanitizer
Thread model: posix
Supported LTO compression algorithms: zlib
gcc version 11.2.0 (OpenWrt GCC 11.2.0 r20134-5f15225c1e) 
COMPILER_PATH=/home/cyh/openwrt-SingleFlight/openwrt-sdk-rockchip-armv8_gcc-11.2.0_musl.Linux-x86_64/staging_dir/toolchain-aarch64_generic_gcc-11.2.0_musl/bin/../libexec/gcc/aarch64-openwrt-linux-musl/11.2.0/:/home/cyh/openwrt-SingleFlight/openwrt-sdk-rockchip-armv8_gcc-11.2.0_musl.Linux-x86_64/staging_dir/toolchain-aarch64_generic_gcc-11.2.0_musl/bin/../libexec/gcc/:/home/cyh/openwrt-SingleFlight/openwrt-sdk-rockchip-armv8_gcc-11.2.0_musl.Linux-x86_64/staging_dir/toolchain-aarch64_generic_gcc-11.2.0_musl/bin/../lib/gcc/aarch64-openwrt-linux-musl/11.2.0/../../../../aarch64-openwrt-linux-musl/bin/
LIBRARY_PATH=/home/cyh/openwrt-SingleFlight/openwrt-sdk-rockchip-armv8_gcc-11.2.0_musl.Linux-x86_64/staging_dir/toolchain-aarch64_generic_gcc-11.2.0_musl/bin/../lib/gcc/aarch64-openwrt-linux-musl/11.2.0/:/home/cyh/openwrt-SingleFlight/openwrt-sdk-rockchip-armv8_gcc-11.2.0_musl.Linux-x86_64/staging_dir/toolchain-aarch64_generic_gcc-11.2.0_musl/bin/../lib/gcc/:/home/cyh/openwrt-SingleFlight/openwrt-sdk-rockchip-armv8_gcc-11.2.0_musl.Linux-x86_64/staging_dir/toolchain-aarch64_generic_gcc-11.2.0_musl/bin/../lib/gcc/aarch64-openwrt-linux-musl/11.2.0/../../../../aarch64-openwrt-linux-musl/lib/
COLLECT_GCC_OPTIONS='-v' '-o' 'cmTC_a4d5e' '-shared-libgcc' '-mlittle-endian' '-mabi=lp64' '-dumpdir' 'cmTC_a4d5e.'
 /home/cyh/openwrt-SingleFlight/openwrt-sdk-rockchip-armv8_gcc-11.2.0_musl.Linux-x86_64/staging_dir/toolchain-aarch64_generic_gcc-11.2.0_musl/bin/../libexec/gcc/aarch64-openwrt-linux-musl/11.2.0/collect2 -plugin /home/cyh/openwrt-SingleFlight/openwrt-sdk-rockchip-armv8_gcc-11.2.0_musl.Linux-x86_64/staging_dir/toolchain-aarch64_generic_gcc-11.2.0_musl/bin/../libexec/gcc/aarch64-openwrt-linux-musl/11.2.0/liblto_plugin.so -plugin-opt=/home/cyh/openwrt-SingleFlight/openwrt-sdk-rockchip-armv8_gcc-11.2.0_musl.Linux-x86_64/staging_dir/toolchain-aarch64_generic_gcc-11.2.0_musl/bin/../libexec/gcc/aarch64-openwrt-linux-musl/11.2.0/lto-wrapper -plugin-opt=-fresolution=/tmp/ccXLorA2.res -plugin-opt=-pass-through=-lgcc_s -plugin-opt=-pass-through=-lc -plugin-opt=-pass-through=-lgcc_s --eh-frame-hdr -dynamic-linker /lib/ld-musl-aarch64.so.1 -X -EL -maarch64linux -o cmTC_a4d5e /home/cyh/openwrt-SingleFlight/openwrt-sdk-rockchip-armv8_gcc-11.2.0_musl.Linux-x86_64/staging_dir/toolchain-aarch64_generic_gcc-11.2.0_musl/bin/../lib/gcc/aarch64-openwrt-linux-musl/11.2.0/../../../../aarch64-openwrt-linux-musl/lib/crt1.o /home/cyh/openwrt-SingleFlight/openwrt-sdk-rockchip-armv8_gcc-11.2.0_musl.Linux-x86_64/staging_dir/toolchain-aarch64_generic_gcc-11.2.0_musl/bin/../lib/gcc/aarch64-openwrt-linux-musl/11.2.0/../../../../aarch64-openwrt-linux-musl/lib/crti.o /home/cyh/openwrt-SingleFlight/openwrt-sdk-rockchip-armv8_gcc-11.2.0_musl.Linux-x86_64/staging_dir/toolchain-aarch64_generic_gcc-11.2.0_musl/bin/../lib/gcc/aarch64-openwrt-linux-musl/11.2.0/crtbegin.o -L /home/cyh/openwrt-SingleFlight/openwrt-sdk-rockchip-armv8_gcc-11.2.0_musl.Linux-x86_64/staging_dir/usr/lib -rpath-link /home/cyh/openwrt-SingleFlight/openwrt-sdk-rockchip-armv8_gcc-11.2.0_musl.Linux-x86_64/staging_dir/usr/lib -L/home/cyh/openwrt-SingleFlight/openwrt-sdk-rockchip-armv8_gcc-11.2.0_musl.Linux-x86_64/staging_dir/toolchain-aarch64_generic_gcc-11.2.0_musl/bin/../lib/gcc/aarch64-openwrt-linux-musl/11.2.0 -L/home/cyh/openwrt-SingleFlight/openwrt-sdk-rockchip-armv8_gcc-11.2.0_musl.Linux-x86_64/staging_dir/toolchain-aarch64_generic_gcc-11.2.0_musl/bin/../lib/gcc -L/home/cyh/openwrt-SingleFlight/openwrt-sdk-rockchip-armv8_gcc-11.2.0_musl.Linux-x86_64/staging_dir/toolchain-aarch64_generic_gcc-11.2.0_musl/bin/../lib/gcc/aarch64-openwrt-linux-musl/11.2.0/../../../../aarch64-openwrt-linux-musl/lib CMakeFiles/cmTC_a4d5e.dir/CMakeCXXCompilerABI.cpp.o -lstdc++ -lm -lssp_nonshared -lgcc_s -lc -lgcc_s /home/cyh/openwrt-SingleFlight/openwrt-sdk-rockchip-armv8_gcc-11.2.0_musl.Linux-x86_64/staging_dir/toolchain-aarch64_generic_gcc-11.2.0_musl/bin/../lib/gcc/aarch64-openwrt-linux-musl/11.2.0/crtend.o /home/cyh/openwrt-SingleFlight/openwrt-sdk-rockchip-armv8_gcc-11.2.0_musl.Linux-x86_64/staging_dir/toolchain-aarch64_generic_gcc-11.2.0_musl/bin/../lib/gcc/aarch64-openwrt-linux-musl/11.2.0/../../../../aarch64-openwrt-linux-musl/lib/crtn.o
COLLECT_GCC_OPTIONS='-v' '-o' 'cmTC_a4d5e' '-shared-libgcc' '-mlittle-endian' '-mabi=lp64' '-dumpdir' 'cmTC_a4d5e.'
make[1]: Leaving directory '/home/cyh/FlightCode/RockPiMPU/build/CMakeFiles/CMakeTmp'



Parsed CXX implicit include dir info from above output: rv=done
  found start of include info
  found start of implicit include info
    add: [/home/cyh/openwrt-SingleFlight/openwrt-sdk-rockchip-armv8_gcc-11.2.0_musl.Linux-x86_64/staging_dir/toolchain-aarch64_generic_gcc-11.2.0_musl/bin/../lib/gcc/aarch64-openwrt-linux-musl/11.2.0/../../../../aarch64-openwrt-linux-musl/include/c++/11.2.0]
    add: [/home/cyh/openwrt-SingleFlight/openwrt-sdk-rockchip-armv8_gcc-11.2.0_musl.Linux-x86_64/staging_dir/toolchain-aarch64_generic_gcc-11.2.0_musl/bin/../lib/gcc/aarch64-openwrt-linux-musl/11.2.0/../../../../aarch64-openwrt-linux-musl/include/c++/11.2.0/aarch64-openwrt-linux-musl]
    add: [/home/cyh/openwrt-SingleFlight/openwrt-sdk-rockchip-armv8_gcc-11.2.0_musl.Linux-x86_64/staging_dir/toolchain-aarch64_generic_gcc-11.2.0_musl/bin/../lib/gcc/aarch64-openwrt-linux-musl/11.2.0/../../../../aarch64-openwrt-linux-musl/include/c++/11.2.0/backward]
    add: [/home/cyh/openwrt-SingleFlight/openwrt-sdk-rockchip-armv8_gcc-11.2.0_musl.Linux-x86_64/staging_dir/toolchain-aarch64_generic_gcc-11.2.0_musl/bin/../lib/gcc/aarch64-openwrt-linux-musl/11.2.0/../../../../aarch64-openwrt-linux-musl/sys-include]
    add: [/home/cyh/openwrt-SingleFlight/openwrt-sdk-rockchip-armv8_gcc-11.2.0_musl.Linux-x86_64/staging_dir/toolchain-aarch64_generic_gcc-11.2.0_musl/bin/../lib/gcc/aarch64-openwrt-linux-musl/11.2.0/../../../../aarch64-openwrt-linux-musl/include]
    add: [/home/cyh/openwrt-SingleFlight/openwrt-sdk-rockchip-armv8_gcc-11.2.0_musl.Linux-x86_64/staging_dir/toolchain-aarch64_generic_gcc-11.2.0_musl/bin/../lib/gcc/aarch64-openwrt-linux-musl/11.2.0/include]
  end of search list found
  collapse include dir [/home/cyh/openwrt-SingleFlight/openwrt-sdk-rockchip-armv8_gcc-11.2.0_musl.Linux-x86_64/staging_dir/toolchain-aarch64_generic_gcc-11.2.0_musl/bin/../lib/gcc/aarch64-openwrt-linux-musl/11.2.0/../../../../aarch64-openwrt-linux-musl/include/c++/11.2.0] ==> [/home/cyh/openwrt-SingleFlight/openwrt-sdk-rockchip-armv8_gcc-11.2.0_musl.Linux-x86_64/staging_dir/toolchain-aarch64_generic_gcc-11.2.0_musl/aarch64-openwrt-linux-musl/include/c++/11.2.0]
  collapse include dir [/home/cyh/openwrt-SingleFlight/openwrt-sdk-rockchip-armv8_gcc-11.2.0_musl.Linux-x86_64/staging_dir/toolchain-aarch64_generic_gcc-11.2.0_musl/bin/../lib/gcc/aarch64-openwrt-linux-musl/11.2.0/../../../../aarch64-openwrt-linux-musl/include/c++/11.2.0/aarch64-openwrt-linux-musl] ==> [/home/cyh/openwrt-SingleFlight/openwrt-sdk-rockchip-armv8_gcc-11.2.0_musl.Linux-x86_64/staging_dir/toolchain-aarch64_generic_gcc-11.2.0_musl/aarch64-openwrt-linux-musl/include/c++/11.2.0/aarch64-openwrt-linux-musl]
  collapse include dir [/home/cyh/openwrt-SingleFlight/openwrt-sdk-rockchip-armv8_gcc-11.2.0_musl.Linux-x86_64/staging_dir/toolchain-aarch64_generic_gcc-11.2.0_musl/bin/../lib/gcc/aarch64-openwrt-linux-musl/11.2.0/../../../../aarch64-openwrt-linux-musl/include/c++/11.2.0/backward] ==> [/home/cyh/openwrt-SingleFlight/openwrt-sdk-rockchip-armv8_gcc-11.2.0_musl.Linux-x86_64/staging_dir/toolchain-aarch64_generic_gcc-11.2.0_musl/aarch64-openwrt-linux-musl/include/c++/11.2.0/backward]
  collapse include dir [/home/cyh/openwrt-SingleFlight/openwrt-sdk-rockchip-armv8_gcc-11.2.0_musl.Linux-x86_64/staging_dir/toolchain-aarch64_generic_gcc-11.2.0_musl/bin/../lib/gcc/aarch64-openwrt-linux-musl/11.2.0/../../../../aarch64-openwrt-linux-musl/sys-include] ==> [/home/cyh/openwrt-SingleFlight/openwrt-sdk-rockchip-armv8_gcc-11.2.0_musl.Linux-x86_64/staging_dir/toolchain-aarch64_generic_gcc-11.2.0_musl/aarch64-openwrt-linux-musl/sys-include]
  collapse include dir [/home/cyh/openwrt-SingleFlight/openwrt-sdk-rockchip-armv8_gcc-11.2.0_musl.Linux-x86_64/staging_dir/toolchain-aarch64_generic_gcc-11.2.0_musl/bin/../lib/gcc/aarch64-openwrt-linux-musl/11.2.0/../../../../aarch64-openwrt-linux-musl/include] ==> [/home/cyh/openwrt-SingleFlight/openwrt-sdk-rockchip-armv8_gcc-11.2.0_musl.Linux-x86_64/staging_dir/toolchain-aarch64_generic_gcc-11.2.0_musl/aarch64-openwrt-linux-musl/include]
  collapse include dir [/home/cyh/openwrt-SingleFlight/openwrt-sdk-rockchip-armv8_gcc-11.2.0_musl.Linux-x86_64/staging_dir/toolchain-aarch64_generic_gcc-11.2.0_musl/bin/../lib/gcc/aarch64-openwrt-linux-musl/11.2.0/include] ==> [/home/cyh/openwrt-SingleFlight/openwrt-sdk-rockchip-armv8_gcc-11.2.0_musl.Linux-x86_64/staging_dir/toolchain-aarch64_generic_gcc-11.2.0_musl/lib/gcc/aarch64-openwrt-linux-musl/11.2.0/include]
  implicit include dirs: [/home/cyh/openwrt-SingleFlight/openwrt-sdk-rockchip-armv8_gcc-11.2.0_musl.Linux-x86_64/staging_dir/toolchain-aarch64_generic_gcc-11.2.0_musl/aarch64-openwrt-linux-musl/include/c++/11.2.0;/home/cyh/openwrt-SingleFlight/openwrt-sdk-rockchip-armv8_gcc-11.2.0_musl.Linux-x86_64/staging_dir/toolchain-aarch64_generic_gcc-11.2.0_musl/aarch64-openwrt-linux-musl/include/c++/11.2.0/aarch64-openwrt-linux-musl;/home/cyh/openwrt-SingleFlight/openwrt-sdk-rockchip-armv8_gcc-11.2.0_musl.Linux-x86_64/staging_dir/toolchain-aarch64_generic_gcc-11.2.0_musl/aarch64-openwrt-linux-musl/include/c++/11.2.0/backward;/home/cyh/openwrt-SingleFlight/openwrt-sdk-rockchip-armv8_gcc-11.2.0_musl.Linux-x86_64/staging_dir/toolchain-aarch64_generic_gcc-11.2.0_musl/aarch64-openwrt-linux-musl/sys-include;/home/cyh/openwrt-SingleFlight/openwrt-sdk-rockchip-armv8_gcc-11.2.0_musl.Linux-x86_64/staging_dir/toolchain-aarch64_generic_gcc-11.2.0_musl/aarch64-openwrt-linux-musl/include;/home/cyh/openwrt-SingleFlight/openwrt-sdk-rockchip-armv8_gcc-11.2.0_musl.Linux-x86_64/staging_dir/toolchain-aarch64_generic_gcc-11.2.0_musl/lib/gcc/aarch64-openwrt-linux-musl/11.2.0/include]


Parsed CXX implicit link information from above output:
  link line regex: [^( *|.*[/\])(ld|CMAKE_LINK_STARTFILE-NOTFOUND|([^/\]+-)?ld|collect2)[^/\]*( |$)]
  ignore line: [Change Dir: /home/cyh/FlightCode/RockPiMPU/build/CMakeFiles/CMakeTmp]
  ignore line: []
  ignore line: [Run Build Command(s):/usr/bin/make cmTC_a4d5e/fast && /usr/bin/make -f CMakeFiles/cmTC_a4d5e.dir/build.make CMakeFiles/cmTC_a4d5e.dir/build]
  ignore line: [make[1]: Entering directory '/home/cyh/FlightCode/RockPiMPU/build/CMakeFiles/CMakeTmp']
  ignore line: [Building CXX object CMakeFiles/cmTC_a4d5e.dir/CMakeCXXCompilerABI.cpp.o]
  ignore line: [/home/cyh/openwrt-SingleFlight/openwrt-sdk-rockchip-armv8_gcc-11.2.0_musl.Linux-x86_64/staging_dir/toolchain-aarch64_generic_gcc-11.2.0_musl/bin/aarch64-openwrt-linux-g++    -v -o CMakeFiles/cmTC_a4d5e.dir/CMakeCXXCompilerABI.cpp.o -c /usr/share/cmake-3.16/Modules/CMakeCXXCompilerABI.cpp]
  ignore line: [Reading specs from /home/cyh/openwrt-SingleFlight/openwrt-sdk-rockchip-armv8_gcc-11.2.0_musl.Linux-x86_64/staging_dir/toolchain-aarch64_generic_gcc-11.2.0_musl/bin/../lib/gcc/aarch64-openwrt-linux-musl/11.2.0/specs]
  ignore line: [COLLECT_GCC=/home/cyh/openwrt-SingleFlight/openwrt-sdk-rockchip-armv8_gcc-11.2.0_musl.Linux-x86_64/staging_dir/toolchain-aarch64_generic_gcc-11.2.0_musl/bin/aarch64-openwrt-linux-g++]
  ignore line: [Target: aarch64-openwrt-linux-musl]
  ignore line: [Configured with: /home/cyh/openwrt-SingleFlight/build_dir/toolchain-aarch64_generic_gcc-11.2.0_musl/gcc-11.2.0/configure --with-bugurl=http://bugs.openwrt.org/ --with-pkgversion='OpenWrt GCC 11.2.0 r20134-5f15225c1e' --prefix=/home/cyh/openwrt-SingleFlight/staging_dir/toolchain-aarch64_generic_gcc-11.2.0_musl --build=x86_64-pc-linux-gnu --host=x86_64-pc-linux-gnu --target=aarch64-openwrt-linux-musl --with-gnu-ld --enable-target-optspace --disable-libgomp --disable-libmudflap --disable-multilib --disable-libmpx --disable-nls --disable-libssp --without-isl --without-cloog --with-host-libstdcxx=-lstdc++ --with-gmp=/home/cyh/openwrt-SingleFlight/staging_dir/host --with-mpfr=/home/cyh/openwrt-SingleFlight/staging_dir/host --with-mpc=/home/cyh/openwrt-SingleFlight/staging_dir/host --disable-decimal-float --with-diagnostics-color=auto-if-env --enable-__cxa_atexit --disable-libstdcxx-dual-abi --with-default-libstdcxx-abi=new --with-headers=/home/cyh/openwrt-SingleFlight/staging_dir/toolchain-aarch64_generic_gcc-11.2.0_musl/include --enable-languages=c,c++ --enable-shared --enable-threads --with-slibdir=/home/cyh/openwrt-SingleFlight/staging_dir/toolchain-aarch64_generic_gcc-11.2.0_musl/lib --enable-lto --with-libelf=/home/cyh/openwrt-SingleFlight/staging_dir/host --disable-libsanitizer]
  ignore line: [Thread model: posix]
  ignore line: [Supported LTO compression algorithms: zlib]
  ignore line: [gcc version 11.2.0 (OpenWrt GCC 11.2.0 r20134-5f15225c1e) ]
  ignore line: [COLLECT_GCC_OPTIONS='-v' '-o' 'CMakeFiles/cmTC_a4d5e.dir/CMakeCXXCompilerABI.cpp.o' '-c' '-shared-libgcc' '-mlittle-endian' '-mabi=lp64' '-dumpdir' 'CMakeFiles/cmTC_a4d5e.dir/']
  ignore line: [ /home/cyh/openwrt-SingleFlight/openwrt-sdk-rockchip-armv8_gcc-11.2.0_musl.Linux-x86_64/staging_dir/toolchain-aarch64_generic_gcc-11.2.0_musl/bin/../libexec/gcc/aarch64-openwrt-linux-musl/11.2.0/cc1plus -quiet -v -iprefix /home/cyh/openwrt-SingleFlight/openwrt-sdk-rockchip-armv8_gcc-11.2.0_musl.Linux-x86_64/staging_dir/toolchain-aarch64_generic_gcc-11.2.0_musl/bin/../lib/gcc/aarch64-openwrt-linux-musl/11.2.0/ -D_GNU_SOURCE -idirafter /home/cyh/openwrt-SingleFlight/openwrt-sdk-rockchip-armv8_gcc-11.2.0_musl.Linux-x86_64/staging_dir/usr/include /usr/share/cmake-3.16/Modules/CMakeCXXCompilerABI.cpp -quiet -dumpdir CMakeFiles/cmTC_a4d5e.dir/ -dumpbase CMakeCXXCompilerABI.cpp.cpp -dumpbase-ext .cpp -mlittle-endian -mabi=lp64 -version -o /tmp/ccNidFpm.s]
  ignore line: [GNU C++17 (OpenWrt GCC 11.2.0 r20134-5f15225c1e) version 11.2.0 (aarch64-openwrt-linux-musl)]
  ignore line: [	compiled by GNU C version 9.4.0  GMP version 6.2.1  MPFR version 4.1.0  MPC version 1.2.1  isl version none]
  ignore line: [GGC heuristics: --param ggc-min-expand=100 --param ggc-min-heapsize=131072]
  ignore line: [ignoring duplicate directory "/home/cyh/openwrt-SingleFlight/openwrt-sdk-rockchip-armv8_gcc-11.2.0_musl.Linux-x86_64/staging_dir/toolchain-aarch64_generic_gcc-11.2.0_musl/bin/../lib/gcc/../../lib/gcc/aarch64-openwrt-linux-musl/11.2.0/../../../../aarch64-openwrt-linux-musl/include/c++/11.2.0"]
  ignore line: [ignoring duplicate directory "/home/cyh/openwrt-SingleFlight/openwrt-sdk-rockchip-armv8_gcc-11.2.0_musl.Linux-x86_64/staging_dir/toolchain-aarch64_generic_gcc-11.2.0_musl/bin/../lib/gcc/../../lib/gcc/aarch64-openwrt-linux-musl/11.2.0/../../../../aarch64-openwrt-linux-musl/include/c++/11.2.0/aarch64-openwrt-linux-musl"]
  ignore line: [ignoring duplicate directory "/home/cyh/openwrt-SingleFlight/openwrt-sdk-rockchip-armv8_gcc-11.2.0_musl.Linux-x86_64/staging_dir/toolchain-aarch64_generic_gcc-11.2.0_musl/bin/../lib/gcc/../../lib/gcc/aarch64-openwrt-linux-musl/11.2.0/../../../../aarch64-openwrt-linux-musl/include/c++/11.2.0/backward"]
  ignore line: [ignoring duplicate directory "/home/cyh/openwrt-SingleFlight/openwrt-sdk-rockchip-armv8_gcc-11.2.0_musl.Linux-x86_64/staging_dir/toolchain-aarch64_generic_gcc-11.2.0_musl/bin/../lib/gcc/../../lib/gcc/aarch64-openwrt-linux-musl/11.2.0/../../../../aarch64-openwrt-linux-musl/sys-include"]
  ignore line: [ignoring duplicate directory "/home/cyh/openwrt-SingleFlight/openwrt-sdk-rockchip-armv8_gcc-11.2.0_musl.Linux-x86_64/staging_dir/toolchain-aarch64_generic_gcc-11.2.0_musl/bin/../lib/gcc/../../lib/gcc/aarch64-openwrt-linux-musl/11.2.0/../../../../aarch64-openwrt-linux-musl/include"]
  ignore line: [ignoring duplicate directory "/home/cyh/openwrt-SingleFlight/openwrt-sdk-rockchip-armv8_gcc-11.2.0_musl.Linux-x86_64/staging_dir/toolchain-aarch64_generic_gcc-11.2.0_musl/bin/../lib/gcc/../../lib/gcc/aarch64-openwrt-linux-musl/11.2.0/include"]
  ignore line: [ignoring nonexistent directory "/home/cyh/openwrt-SingleFlight/openwrt-sdk-rockchip-armv8_gcc-11.2.0_musl.Linux-x86_64/staging_dir/usr/include"]
  ignore line: [#include "..." search starts here:]
  ignore line: [#include <...> search starts here:]
  ignore line: [ /home/cyh/openwrt-SingleFlight/openwrt-sdk-rockchip-armv8_gcc-11.2.0_musl.Linux-x86_64/staging_dir/toolchain-aarch64_generic_gcc-11.2.0_musl/bin/../lib/gcc/aarch64-openwrt-linux-musl/11.2.0/../../../../aarch64-openwrt-linux-musl/include/c++/11.2.0]
  ignore line: [ /home/cyh/openwrt-SingleFlight/openwrt-sdk-rockchip-armv8_gcc-11.2.0_musl.Linux-x86_64/staging_dir/toolchain-aarch64_generic_gcc-11.2.0_musl/bin/../lib/gcc/aarch64-openwrt-linux-musl/11.2.0/../../../../aarch64-openwrt-linux-musl/include/c++/11.2.0/aarch64-openwrt-linux-musl]
  ignore line: [ /home/cyh/openwrt-SingleFlight/openwrt-sdk-rockchip-armv8_gcc-11.2.0_musl.Linux-x86_64/staging_dir/toolchain-aarch64_generic_gcc-11.2.0_musl/bin/../lib/gcc/aarch64-openwrt-linux-musl/11.2.0/../../../../aarch64-openwrt-linux-musl/include/c++/11.2.0/backward]
  ignore line: [ /home/cyh/openwrt-SingleFlight/openwrt-sdk-rockchip-armv8_gcc-11.2.0_musl.Linux-x86_64/staging_dir/toolchain-aarch64_generic_gcc-11.2.0_musl/bin/../lib/gcc/aarch64-openwrt-linux-musl/11.2.0/../../../../aarch64-openwrt-linux-musl/sys-include]
  ignore line: [ /home/cyh/openwrt-SingleFlight/openwrt-sdk-rockchip-armv8_gcc-11.2.0_musl.Linux-x86_64/staging_dir/toolchain-aarch64_generic_gcc-11.2.0_musl/bin/../lib/gcc/aarch64-openwrt-linux-musl/11.2.0/../../../../aarch64-openwrt-linux-musl/include]
  ignore line: [ /home/cyh/openwrt-SingleFlight/openwrt-sdk-rockchip-armv8_gcc-11.2.0_musl.Linux-x86_64/staging_dir/toolchain-aarch64_generic_gcc-11.2.0_musl/bin/../lib/gcc/aarch64-openwrt-linux-musl/11.2.0/include]
  ignore line: [End of search list.]
  ignore line: [GNU C++17 (OpenWrt GCC 11.2.0 r20134-5f15225c1e) version 11.2.0 (aarch64-openwrt-linux-musl)]
  ignore line: [	compiled by GNU C version 9.4.0  GMP version 6.2.1  MPFR version 4.1.0  MPC version 1.2.1  isl version none]
  ignore line: [GGC heuristics: --param ggc-min-expand=100 --param ggc-min-heapsize=131072]
  ignore line: [Compiler executable checksum: a385a5c47f4c1e61f04259c69443a057]
  ignore line: [COLLECT_GCC_OPTIONS='-v' '-o' 'CMakeFiles/cmTC_a4d5e.dir/CMakeCXXCompilerABI.cpp.o' '-c' '-shared-libgcc' '-mlittle-endian' '-mabi=lp64' '-dumpdir' 'CMakeFiles/cmTC_a4d5e.dir/']
  ignore line: [ /home/cyh/openwrt-SingleFlight/openwrt-sdk-rockchip-armv8_gcc-11.2.0_musl.Linux-x86_64/staging_dir/toolchain-aarch64_generic_gcc-11.2.0_musl/bin/../lib/gcc/aarch64-openwrt-linux-musl/11.2.0/../../../../aarch64-openwrt-linux-musl/bin/as -v -EL -mabi=lp64 -o CMakeFiles/cmTC_a4d5e.dir/CMakeCXXCompilerABI.cpp.o /tmp/ccNidFpm.s]
  ignore line: [GNU assembler version 2.37 (aarch64-openwrt-linux-musl) using BFD version (GNU Binutils) 2.37]
  ignore line: [COMPILER_PATH=/home/cyh/openwrt-SingleFlight/openwrt-sdk-rockchip-armv8_gcc-11.2.0_musl.Linux-x86_64/staging_dir/toolchain-aarch64_generic_gcc-11.2.0_musl/bin/../libexec/gcc/aarch64-openwrt-linux-musl/11.2.0/:/home/cyh/openwrt-SingleFlight/openwrt-sdk-rockchip-armv8_gcc-11.2.0_musl.Linux-x86_64/staging_dir/toolchain-aarch64_generic_gcc-11.2.0_musl/bin/../libexec/gcc/:/home/cyh/openwrt-SingleFlight/openwrt-sdk-rockchip-armv8_gcc-11.2.0_musl.Linux-x86_64/staging_dir/toolchain-aarch64_generic_gcc-11.2.0_musl/bin/../lib/gcc/aarch64-openwrt-linux-musl/11.2.0/../../../../aarch64-openwrt-linux-musl/bin/]
  ignore line: [LIBRARY_PATH=/home/cyh/openwrt-SingleFlight/openwrt-sdk-rockchip-armv8_gcc-11.2.0_musl.Linux-x86_64/staging_dir/toolchain-aarch64_generic_gcc-11.2.0_musl/bin/../lib/gcc/aarch64-openwrt-linux-musl/11.2.0/:/home/cyh/openwrt-SingleFlight/openwrt-sdk-rockchip-armv8_gcc-11.2.0_musl.Linux-x86_64/staging_dir/toolchain-aarch64_generic_gcc-11.2.0_musl/bin/../lib/gcc/:/home/cyh/openwrt-SingleFlight/openwrt-sdk-rockchip-armv8_gcc-11.2.0_musl.Linux-x86_64/staging_dir/toolchain-aarch64_generic_gcc-11.2.0_musl/bin/../lib/gcc/aarch64-openwrt-linux-musl/11.2.0/../../../../aarch64-openwrt-linux-musl/lib/]
  ignore line: [COLLECT_GCC_OPTIONS='-v' '-o' 'CMakeFiles/cmTC_a4d5e.dir/CMakeCXXCompilerABI.cpp.o' '-c' '-shared-libgcc' '-mlittle-endian' '-mabi=lp64' '-dumpdir' 'CMakeFiles/cmTC_a4d5e.dir/CMakeCXXCompilerABI.cpp.']
  ignore line: [Linking CXX executable cmTC_a4d5e]
  ignore line: [/usr/bin/cmake -E cmake_link_script CMakeFiles/cmTC_a4d5e.dir/link.txt --verbose=1]
  ignore line: [/home/cyh/openwrt-SingleFlight/openwrt-sdk-rockchip-armv8_gcc-11.2.0_musl.Linux-x86_64/staging_dir/toolchain-aarch64_generic_gcc-11.2.0_musl/bin/aarch64-openwrt-linux-g++      -v CMakeFiles/cmTC_a4d5e.dir/CMakeCXXCompilerABI.cpp.o  -o cmTC_a4d5e ]
  ignore line: [Reading specs from /home/cyh/openwrt-SingleFlight/openwrt-sdk-rockchip-armv8_gcc-11.2.0_musl.Linux-x86_64/staging_dir/toolchain-aarch64_generic_gcc-11.2.0_musl/bin/../lib/gcc/aarch64-openwrt-linux-musl/11.2.0/specs]
  ignore line: [COLLECT_GCC=/home/cyh/openwrt-SingleFlight/openwrt-sdk-rockchip-armv8_gcc-11.2.0_musl.Linux-x86_64/staging_dir/toolchain-aarch64_generic_gcc-11.2.0_musl/bin/aarch64-openwrt-linux-g++]
  ignore line: [COLLECT_LTO_WRAPPER=/home/cyh/openwrt-SingleFlight/openwrt-sdk-rockchip-armv8_gcc-11.2.0_musl.Linux-x86_64/staging_dir/toolchain-aarch64_generic_gcc-11.2.0_musl/bin/../libexec/gcc/aarch64-openwrt-linux-musl/11.2.0/lto-wrapper]
  ignore line: [Target: aarch64-openwrt-linux-musl]
  ignore line: [Configured with: /home/cyh/openwrt-SingleFlight/build_dir/toolchain-aarch64_generic_gcc-11.2.0_musl/gcc-11.2.0/configure --with-bugurl=http://bugs.openwrt.org/ --with-pkgversion='OpenWrt GCC 11.2.0 r20134-5f15225c1e' --prefix=/home/cyh/openwrt-SingleFlight/staging_dir/toolchain-aarch64_generic_gcc-11.2.0_musl --build=x86_64-pc-linux-gnu --host=x86_64-pc-linux-gnu --target=aarch64-openwrt-linux-musl --with-gnu-ld --enable-target-optspace --disable-libgomp --disable-libmudflap --disable-multilib --disable-libmpx --disable-nls --disable-libssp --without-isl --without-cloog --with-host-libstdcxx=-lstdc++ --with-gmp=/home/cyh/openwrt-SingleFlight/staging_dir/host --with-mpfr=/home/cyh/openwrt-SingleFlight/staging_dir/host --with-mpc=/home/cyh/openwrt-SingleFlight/staging_dir/host --disable-decimal-float --with-diagnostics-color=auto-if-env --enable-__cxa_atexit --disable-libstdcxx-dual-abi --with-default-libstdcxx-abi=new --with-headers=/home/cyh/openwrt-SingleFlight/staging_dir/toolchain-aarch64_generic_gcc-11.2.0_musl/include --enable-languages=c,c++ --enable-shared --enable-threads --with-slibdir=/home/cyh/openwrt-SingleFlight/staging_dir/toolchain-aarch64_generic_gcc-11.2.0_musl/lib --enable-lto --with-libelf=/home/cyh/openwrt-SingleFlight/staging_dir/host --disable-libsanitizer]
  ignore line: [Thread model: posix]
  ignore line: [Supported LTO compression algorithms: zlib]
  ignore line: [gcc version 11.2.0 (OpenWrt GCC 11.2.0 r20134-5f15225c1e) ]
  ignore line: [COMPILER_PATH=/home/cyh/openwrt-SingleFlight/openwrt-sdk-rockchip-armv8_gcc-11.2.0_musl.Linux-x86_64/staging_dir/toolchain-aarch64_generic_gcc-11.2.0_musl/bin/../libexec/gcc/aarch64-openwrt-linux-musl/11.2.0/:/home/cyh/openwrt-SingleFlight/openwrt-sdk-rockchip-armv8_gcc-11.2.0_musl.Linux-x86_64/staging_dir/toolchain-aarch64_generic_gcc-11.2.0_musl/bin/../libexec/gcc/:/home/cyh/openwrt-SingleFlight/openwrt-sdk-rockchip-armv8_gcc-11.2.0_musl.Linux-x86_64/staging_dir/toolchain-aarch64_generic_gcc-11.2.0_musl/bin/../lib/gcc/aarch64-openwrt-linux-musl/11.2.0/../../../../aarch64-openwrt-linux-musl/bin/]
  ignore line: [LIBRARY_PATH=/home/cyh/openwrt-SingleFlight/openwrt-sdk-rockchip-armv8_gcc-11.2.0_musl.Linux-x86_64/staging_dir/toolchain-aarch64_generic_gcc-11.2.0_musl/bin/../lib/gcc/aarch64-openwrt-linux-musl/11.2.0/:/home/cyh/openwrt-SingleFlight/openwrt-sdk-rockchip-armv8_gcc-11.2.0_musl.Linux-x86_64/staging_dir/toolchain-aarch64_generic_gcc-11.2.0_musl/bin/../lib/gcc/:/home/cyh/openwrt-SingleFlight/openwrt-sdk-rockchip-armv8_gcc-11.2.0_musl.Linux-x86_64/staging_dir/toolchain-aarch64_generic_gcc-11.2.0_musl/bin/../lib/gcc/aarch64-openwrt-linux-musl/11.2.0/../../../../aarch64-openwrt-linux-musl/lib/]
  ignore line: [COLLECT_GCC_OPTIONS='-v' '-o' 'cmTC_a4d5e' '-shared-libgcc' '-mlittle-endian' '-mabi=lp64' '-dumpdir' 'cmTC_a4d5e.']
  link line: [ /home/cyh/openwrt-SingleFlight/openwrt-sdk-rockchip-armv8_gcc-11.2.0_musl.Linux-x86_64/staging_dir/toolchain-aarch64_generic_gcc-11.2.0_musl/bin/../libexec/gcc/aarch64-openwrt-linux-musl/11.2.0/collect2 -plugin /home/cyh/openwrt-SingleFlight/openwrt-sdk-rockchip-armv8_gcc-11.2.0_musl.Linux-x86_64/staging_dir/toolchain-aarch64_generic_gcc-11.2.0_musl/bin/../libexec/gcc/aarch64-openwrt-linux-musl/11.2.0/liblto_plugin.so -plugin-opt=/home/cyh/openwrt-SingleFlight/openwrt-sdk-rockchip-armv8_gcc-11.2.0_musl.Linux-x86_64/staging_dir/toolchain-aarch64_generic_gcc-11.2.0_musl/bin/../libexec/gcc/aarch64-openwrt-linux-musl/11.2.0/lto-wrapper -plugin-opt=-fresolution=/tmp/ccXLorA2.res -plugin-opt=-pass-through=-lgcc_s -plugin-opt=-pass-through=-lc -plugin-opt=-pass-through=-lgcc_s --eh-frame-hdr -dynamic-linker /lib/ld-musl-aarch64.so.1 -X -EL -maarch64linux -o cmTC_a4d5e /home/cyh/openwrt-SingleFlight/openwrt-sdk-rockchip-armv8_gcc-11.2.0_musl.Linux-x86_64/staging_dir/toolchain-aarch64_generic_gcc-11.2.0_musl/bin/../lib/gcc/aarch64-openwrt-linux-musl/11.2.0/../../../../aarch64-openwrt-linux-musl/lib/crt1.o /home/cyh/openwrt-SingleFlight/openwrt-sdk-rockchip-armv8_gcc-11.2.0_musl.Linux-x86_64/staging_dir/toolchain-aarch64_generic_gcc-11.2.0_musl/bin/../lib/gcc/aarch64-openwrt-linux-musl/11.2.0/../../../../aarch64-openwrt-linux-musl/lib/crti.o /home/cyh/openwrt-SingleFlight/openwrt-sdk-rockchip-armv8_gcc-11.2.0_musl.Linux-x86_64/staging_dir/toolchain-aarch64_generic_gcc-11.2.0_musl/bin/../lib/gcc/aarch64-openwrt-linux-musl/11.2.0/crtbegin.o -L /home/cyh/openwrt-SingleFlight/openwrt-sdk-rockchip-armv8_gcc-11.2.0_musl.Linux-x86_64/staging_dir/usr/lib -rpath-link /home/cyh/openwrt-SingleFlight/openwrt-sdk-rockchip-armv8_gcc-11.2.0_musl.Linux-x86_64/staging_dir/usr/lib -L/home/cyh/openwrt-SingleFlight/openwrt-sdk-rockchip-armv8_gcc-11.2.0_musl.Linux-x86_64/staging_dir/toolchain-aarch64_generic_gcc-11.2.0_musl/bin/../lib/gcc/aarch64-openwrt-linux-musl/11.2.0 -L/home/cyh/openwrt-SingleFlight/openwrt-sdk-rockchip-armv8_gcc-11.2.0_musl.Linux-x86_64/staging_dir/toolchain-aarch64_generic_gcc-11.2.0_musl/bin/../lib/gcc -L/home/cyh/openwrt-SingleFlight/openwrt-sdk-rockchip-armv8_gcc-11.2.0_musl.Linux-x86_64/staging_dir/toolchain-aarch64_generic_gcc-11.2.0_musl/bin/../lib/gcc/aarch64-openwrt-linux-musl/11.2.0/../../../../aarch64-openwrt-linux-musl/lib CMakeFiles/cmTC_a4d5e.dir/CMakeCXXCompilerABI.cpp.o -lstdc++ -lm -lssp_nonshared -lgcc_s -lc -lgcc_s /home/cyh/openwrt-SingleFlight/openwrt-sdk-rockchip-armv8_gcc-11.2.0_musl.Linux-x86_64/staging_dir/toolchain-aarch64_generic_gcc-11.2.0_musl/bin/../lib/gcc/aarch64-openwrt-linux-musl/11.2.0/crtend.o /home/cyh/openwrt-SingleFlight/openwrt-sdk-rockchip-armv8_gcc-11.2.0_musl.Linux-x86_64/staging_dir/toolchain-aarch64_generic_gcc-11.2.0_musl/bin/../lib/gcc/aarch64-openwrt-linux-musl/11.2.0/../../../../aarch64-openwrt-linux-musl/lib/crtn.o]
    arg [/home/cyh/openwrt-SingleFlight/openwrt-sdk-rockchip-armv8_gcc-11.2.0_musl.Linux-x86_64/staging_dir/toolchain-aarch64_generic_gcc-11.2.0_musl/bin/../libexec/gcc/aarch64-openwrt-linux-musl/11.2.0/collect2] ==> ignore
    arg [-plugin] ==> ignore
    arg [/home/cyh/openwrt-SingleFlight/openwrt-sdk-rockchip-armv8_gcc-11.2.0_musl.Linux-x86_64/staging_dir/toolchain-aarch64_generic_gcc-11.2.0_musl/bin/../libexec/gcc/aarch64-openwrt-linux-musl/11.2.0/liblto_plugin.so] ==> ignore
    arg [-plugin-opt=/home/cyh/openwrt-SingleFlight/openwrt-sdk-rockchip-armv8_gcc-11.2.0_musl.Linux-x86_64/staging_dir/toolchain-aarch64_generic_gcc-11.2.0_musl/bin/../libexec/gcc/aarch64-openwrt-linux-musl/11.2.0/lto-wrapper] ==> ignore
    arg [-plugin-opt=-fresolution=/tmp/ccXLorA2.res] ==> ignore
    arg [-plugin-opt=-pass-through=-lgcc_s] ==> ignore
    arg [-plugin-opt=-pass-through=-lc] ==> ignore
    arg [-plugin-opt=-pass-through=-lgcc_s] ==> ignore
    arg [--eh-frame-hdr] ==> ignore
    arg [-dynamic-linker] ==> ignore
    arg [/lib/ld-musl-aarch64.so.1] ==> ignore
    arg [-X] ==> ignore
    arg [-EL] ==> ignore
    arg [-maarch64linux] ==> ignore
    arg [-o] ==> ignore
    arg [cmTC_a4d5e] ==> ignore
    arg [/home/cyh/openwrt-SingleFlight/openwrt-sdk-rockchip-armv8_gcc-11.2.0_musl.Linux-x86_64/staging_dir/toolchain-aarch64_generic_gcc-11.2.0_musl/bin/../lib/gcc/aarch64-openwrt-linux-musl/11.2.0/../../../../aarch64-openwrt-linux-musl/lib/crt1.o] ==> ignore
    arg [/home/cyh/openwrt-SingleFlight/openwrt-sdk-rockchip-armv8_gcc-11.2.0_musl.Linux-x86_64/staging_dir/toolchain-aarch64_generic_gcc-11.2.0_musl/bin/../lib/gcc/aarch64-openwrt-linux-musl/11.2.0/../../../../aarch64-openwrt-linux-musl/lib/crti.o] ==> ignore
    arg [/home/cyh/openwrt-SingleFlight/openwrt-sdk-rockchip-armv8_gcc-11.2.0_musl.Linux-x86_64/staging_dir/toolchain-aarch64_generic_gcc-11.2.0_musl/bin/../lib/gcc/aarch64-openwrt-linux-musl/11.2.0/crtbegin.o] ==> ignore
    arg [-L/home/cyh/openwrt-SingleFlight/openwrt-sdk-rockchip-armv8_gcc-11.2.0_musl.Linux-x86_64/staging_dir/usr/lib] ==> dir [/home/cyh/openwrt-SingleFlight/openwrt-sdk-rockchip-armv8_gcc-11.2.0_musl.Linux-x86_64/staging_dir/usr/lib]
    arg [-rpath-link] ==> ignore
    arg [/home/cyh/openwrt-SingleFlight/openwrt-sdk-rockchip-armv8_gcc-11.2.0_musl.Linux-x86_64/staging_dir/usr/lib] ==> ignore
    arg [-L/home/cyh/openwrt-SingleFlight/openwrt-sdk-rockchip-armv8_gcc-11.2.0_musl.Linux-x86_64/staging_dir/toolchain-aarch64_generic_gcc-11.2.0_musl/bin/../lib/gcc/aarch64-openwrt-linux-musl/11.2.0] ==> dir [/home/cyh/openwrt-SingleFlight/openwrt-sdk-rockchip-armv8_gcc-11.2.0_musl.Linux-x86_64/staging_dir/toolchain-aarch64_generic_gcc-11.2.0_musl/bin/../lib/gcc/aarch64-openwrt-linux-musl/11.2.0]
    arg [-L/home/cyh/openwrt-SingleFlight/openwrt-sdk-rockchip-armv8_gcc-11.2.0_musl.Linux-x86_64/staging_dir/toolchain-aarch64_generic_gcc-11.2.0_musl/bin/../lib/gcc] ==> dir [/home/cyh/openwrt-SingleFlight/openwrt-sdk-rockchip-armv8_gcc-11.2.0_musl.Linux-x86_64/staging_dir/toolchain-aarch64_generic_gcc-11.2.0_musl/bin/../lib/gcc]
    arg [-L/home/cyh/openwrt-SingleFlight/openwrt-sdk-rockchip-armv8_gcc-11.2.0_musl.Linux-x86_64/staging_dir/toolchain-aarch64_generic_gcc-11.2.0_musl/bin/../lib/gcc/aarch64-openwrt-linux-musl/11.2.0/../../../../aarch64-openwrt-linux-musl/lib] ==> dir [/home/cyh/openwrt-SingleFlight/openwrt-sdk-rockchip-armv8_gcc-11.2.0_musl.Linux-x86_64/staging_dir/toolchain-aarch64_generic_gcc-11.2.0_musl/bin/../lib/gcc/aarch64-openwrt-linux-musl/11.2.0/../../../../aarch64-openwrt-linux-musl/lib]
    arg [CMakeFiles/cmTC_a4d5e.dir/CMakeCXXCompilerABI.cpp.o] ==> ignore
    arg [-lstdc++] ==> lib [stdc++]
    arg [-lm] ==> lib [m]
    arg [-lssp_nonshared] ==> lib [ssp_nonshared]
    arg [-lgcc_s] ==> lib [gcc_s]
    arg [-lc] ==> lib [c]
    arg [-lgcc_s] ==> lib [gcc_s]
    arg [/home/cyh/openwrt-SingleFlight/openwrt-sdk-rockchip-armv8_gcc-11.2.0_musl.Linux-x86_64/staging_dir/toolchain-aarch64_generic_gcc-11.2.0_musl/bin/../lib/gcc/aarch64-openwrt-linux-musl/11.2.0/crtend.o] ==> ignore
    arg [/home/cyh/openwrt-SingleFlight/openwrt-sdk-rockchip-armv8_gcc-11.2.0_musl.Linux-x86_64/staging_dir/toolchain-aarch64_generic_gcc-11.2.0_musl/bin/../lib/gcc/aarch64-openwrt-linux-musl/11.2.0/../../../../aarch64-openwrt-linux-musl/lib/crtn.o] ==> ignore
  collapse library dir [/home/cyh/openwrt-SingleFlight/openwrt-sdk-rockchip-armv8_gcc-11.2.0_musl.Linux-x86_64/staging_dir/usr/lib] ==> [/home/cyh/openwrt-SingleFlight/openwrt-sdk-rockchip-armv8_gcc-11.2.0_musl.Linux-x86_64/staging_dir/usr/lib]
  collapse library dir [/home/cyh/openwrt-SingleFlight/openwrt-sdk-rockchip-armv8_gcc-11.2.0_musl.Linux-x86_64/staging_dir/toolchain-aarch64_generic_gcc-11.2.0_musl/bin/../lib/gcc/aarch64-openwrt-linux-musl/11.2.0] ==> [/home/cyh/openwrt-SingleFlight/openwrt-sdk-rockchip-armv8_gcc-11.2.0_musl.Linux-x86_64/staging_dir/toolchain-aarch64_generic_gcc-11.2.0_musl/lib/gcc/aarch64-openwrt-linux-musl/11.2.0]
  collapse library dir [/home/cyh/openwrt-SingleFlight/openwrt-sdk-rockchip-armv8_gcc-11.2.0_musl.Linux-x86_64/staging_dir/toolchain-aarch64_generic_gcc-11.2.0_musl/bin/../lib/gcc] ==> [/home/cyh/openwrt-SingleFlight/openwrt-sdk-rockchip-armv8_gcc-11.2.0_musl.Linux-x86_64/staging_dir/toolchain-aarch64_generic_gcc-11.2.0_musl/lib/gcc]
  collapse library dir [/home/cyh/openwrt-SingleFlight/openwrt-sdk-rockchip-armv8_gcc-11.2.0_musl.Linux-x86_64/staging_dir/toolchain-aarch64_generic_gcc-11.2.0_musl/bin/../lib/gcc/aarch64-openwrt-linux-musl/11.2.0/../../../../aarch64-openwrt-linux-musl/lib] ==> [/home/cyh/openwrt-SingleFlight/openwrt-sdk-rockchip-armv8_gcc-11.2.0_musl.Linux-x86_64/staging_dir/toolchain-aarch64_generic_gcc-11.2.0_musl/aarch64-openwrt-linux-musl/lib]
  implicit libs: [stdc++;m;ssp_nonshared;gcc_s;c;gcc_s]
  implicit dirs: [/home/cyh/openwrt-SingleFlight/openwrt-sdk-rockchip-armv8_gcc-11.2.0_musl.Linux-x86_64/staging_dir/usr/lib;/home/cyh/openwrt-SingleFlight/openwrt-sdk-rockchip-armv8_gcc-11.2.0_musl.Linux-x86_64/staging_dir/toolchain-aarch64_generic_gcc-11.2.0_musl/lib/gcc/aarch64-openwrt-linux-musl/11.2.0;/home/cyh/openwrt-SingleFlight/openwrt-sdk-rockchip-armv8_gcc-11.2.0_musl.Linux-x86_64/staging_dir/toolchain-aarch64_generic_gcc-11.2.0_musl/lib/gcc;/home/cyh/openwrt-SingleFlight/openwrt-sdk-rockchip-armv8_gcc-11.2.0_musl.Linux-x86_64/staging_dir/toolchain-aarch64_generic_gcc-11.2.0_musl/aarch64-openwrt-linux-musl/lib]
  implicit fwks: []


